Sun Feb 13 13:15:01 UTC 2022
reading config file /etc/logrotate.conf
including /etc/logrotate.d
Ignoring syslog.Eos, because of .Eos ending
reading config file nginx
reading config file ppp
reading config file radsecproxy
reading config file rasdaemon
reading config file redis
reading config file snmpd
reading config file syslog
reading config file yum
Allocating hash table for state file, size 10496 B

Handling 21 logs

rotating pattern: /var/log/nginx-*.log  512000 bytes (4 rotations)
empty log files are not rotated, old logs are removed
considering log /var/log/nginx-access.log
  log does not need rotating (log size is below the 'size' threshold)
considering log /var/log/nginx-error.log
  log does not need rotating (log size is below the 'size' threshold)
not running postrotate script, since no logs were rotated

rotating pattern: /var/log/ppp/connect-errors  after 1 days (5 rotations)
empty log files are not rotated, old logs are removed
considering log /var/log/ppp/connect-errors

rotating pattern: /var/log/radsecproxy/radsecproxy.log  10240 bytes (4 rotations)
empty log files are not rotated, old logs are removed
switching euid to 998 and egid to 994
considering log /var/log/radsecproxy/radsecproxy.log
  log /var/log/radsecproxy/radsecproxy.log does not exist -- skipping
not running postrotate script, since no logs were rotated
switching euid to 0 and egid to 0

rotating pattern: /var/log/mcelog  512000 bytes (4 rotations)
empty log files are not rotated, old logs are removed
considering log /var/log/mcelog
  log does not need rotating (log size is below the 'size' threshold)

rotating pattern: /var/log/redis/*.log  weekly (10 rotations)
empty log files are not rotated, old logs are removed
No logs found. Rotation not needed.

rotating pattern: /var/log/snmpd  10240 bytes (4 rotations)
empty log files are not rotated, old logs are removed
considering log /var/log/snmpd
  log /var/log/snmpd does not exist -- skipping
not running postrotate script, since no logs were rotated

rotating pattern: /var/log/secure /var/log/maillog /var/log/spooler  10240 bytes (4 rotations)
empty log files are not rotated, old logs are removed
considering log /var/log/secure
  log does not need rotating (log size is below the 'size' threshold)
considering log /var/log/maillog
  log does not need rotating (log size is below the 'size' threshold)
considering log /var/log/spooler
  log does not need rotating (log size is below the 'size' threshold)
not running postrotate script, since no logs were rotated

rotating pattern: /var/log/yum.log  yearly (4 rotations)
empty log files are not rotated, log files >= 30720 are rotated earlier, old logs are removed
considering log /var/log/yum.log
  log /var/log/yum.log does not exist -- skipping

rotating pattern: /var/log/wtmp  monthly (1 rotations)
empty log files are not rotated, old logs are removed
considering log /var/log/wtmp
  log does not need rotating (log has been rotated at 2022-2-13 12:0, that is not month ago yet)

rotating pattern: /var/log/btmp  1048576 bytes (1 rotations)
empty log files are not rotated, old logs are removed
considering log /var/log/btmp
  log does not need rotating (log size is below the 'size' threshold)

rotating pattern: /var/log/account.log  2097152 bytes (3 rotations)
empty log files are not rotated, old logs are removed
considering log /var/log/account.log
  log does not need rotating (log size is below the 'size' threshold)

rotating pattern: /var/log/messages /var/log/eos  10485760 bytes (4 rotations)
empty log files are not rotated, old logs are removed
considering log /var/log/messages
  log does not need rotating (log size is below the 'size' threshold)
considering log /var/log/eos
  log does not need rotating (log size is below the 'size' threshold)
not running prerotate script, since no logs will be rotated
not running postrotate script, since no logs were rotated

rotating pattern: /var/log/kernel.debug /var/log/canary.log  2097152 bytes (4 rotations)
empty log files are not rotated, old logs are removed
considering log /var/log/kernel.debug
  log /var/log/kernel.debug does not exist -- skipping
considering log /var/log/canary.log
  log /var/log/canary.log does not exist -- skipping
not running postrotate script, since no logs were rotated

rotating pattern: /var/log/eos-console /var/log/eos-console-sync /var/log/eos-monitor /var/log/eos-monitor-sync  10240 bytes (no old logs will be kept)
empty log files are not rotated, old logs are removed
considering log /var/log/eos-console
  log does not need rotating (log size is below the 'size' threshold)
considering log /var/log/eos-console-sync
  log does not need rotating (log size is below the 'size' threshold)
considering log /var/log/eos-monitor
  log does not need rotating (log size is below the 'size' threshold)
considering log /var/log/eos-monitor-sync
  log does not need rotating (log size is below the 'size' threshold)
not running postrotate script, since no logs were rotated

rotating pattern: "/var/core/core*.*[^.'gz']?"  10240 bytes (4 rotations)
empty log files are not rotated, old logs are removed
considering log /var/core/core*.*[^.'gz']?
  log /var/core/core*.*[^.'gz']? does not exist -- skipping
not running postrotate script, since no logs were rotated

rotating pattern: "/var/log/qt/*.qt.[12]"  10240 bytes (no old logs will be kept)
empty log files are not rotated, old logs are removed
considering log /var/log/qt/*.qt.[12]
  log /var/log/qt/*.qt.[12] does not exist -- skipping

rotating pattern: "/var/log/agents/*-[0-9]*[^g][^z]"  512000 bytes (4 rotations)
empty log files are not rotated, old logs are removed
considering log /var/log/agents/Aaa-967
  log does not need rotating (log size is below the 'size' threshold)
considering log /var/log/agents/Acl-971
  log does not need rotating (log size is below the 'size' threshold)
considering log /var/log/agents/AgentMonitor-954
  log does not need rotating (log size is below the 'size' threshold)
considering log /var/log/agents/AleL3Agent-966
  log does not need rotating (log size is below the 'size' threshold)
considering log /var/log/agents/Arp-976
  log does not need rotating (log size is below the 'size' threshold)
considering log /var/log/agents/Bfd-952
  log does not need rotating (log size is below the 'size' threshold)
considering log /var/log/agents/Bgp-1182
  log does not need rotating (log size is below the 'size' threshold)
considering log /var/log/agents/BgpCliHelper-1178
  log does not need rotating (log size is below the 'size' threshold)
considering log /var/log/agents/CapiApp-959
  log does not need rotating (log size is below the 'size' threshold)
considering log /var/log/agents/ConfigAgent-659
  log does not need rotating (log size is below the 'size' threshold)
considering log /var/log/agents/ConnectedRoute-1179
  log does not need rotating (log size is below the 'size' threshold)
considering log /var/log/agents/Ebra-984
  log does not need rotating (log size is below the 'size' threshold)
considering log /var/log/agents/Etba-975
  log does not need rotating (log size is below the 'size' threshold)
considering log /var/log/agents/EventHistoryAgent-965
  log does not need rotating (log size is below the 'size' threshold)
considering log /var/log/agents/EventMgr-970
  log does not need rotating (log size is below the 'size' threshold)
considering log /var/log/agents/EvpnrtrEncap-1183
  log does not need rotating (log size is below the 'size' threshold)
considering log /var/log/agents/FibServices-963
  log does not need rotating (log size is below the 'size' threshold)
considering log /var/log/agents/Fru-660
  log does not need rotating (log size is below the 'size' threshold)
considering log /var/log/agents/IgmpSnooping-991
  log does not need rotating (log size is below the 'size' threshold)
considering log /var/log/agents/IpRib-1177
  log does not need rotating (log size is below the 'size' threshold)
considering log /var/log/agents/Ira-957
  log does not need rotating (log size is below the 'size' threshold)
considering log /var/log/agents/KernelFib-978
  log does not need rotating (log size is below the 'size' threshold)
considering log /var/log/agents/KernelNetworkInfo-973
  log does not need rotating (log size is below the 'size' threshold)
considering log /var/log/agents/L2Rib-981
  log does not need rotating (log size is below the 'size' threshold)
considering log /var/log/agents/LacpTxAgent-949
  log does not need rotating (log size is below the 'size' threshold)
considering log /var/log/agents/Lag-962
  log does not need rotating (log size is below the 'size' threshold)
considering log /var/log/agents/Launcher-662
  log does not need rotating (log size is below the 'size' threshold)
considering log /var/log/agents/LedPolicy-958
  log does not need rotating (log size is below the 'size' threshold)
considering log /var/log/agents/Lldp-977
  log does not need rotating (log size is below the 'size' threshold)
considering log /var/log/agents/McastCommon-950
  log does not need rotating (log size is below the 'size' threshold)
considering log /var/log/agents/McastCommon6-974
  log does not need rotating (log size is below the 'size' threshold)
considering log /var/log/agents/OpenConfig-10001
  log does not need rotating (log size is below the 'size' threshold)
considering log /var/log/agents/OpenConfig-10019
  log does not need rotating (log size is below the 'size' threshold)
considering log /var/log/agents/OpenConfig-10038
  log does not need rotating (log size is below the 'size' threshold)
considering log /var/log/agents/OpenConfig-10221
  log does not need rotating (log size is below the 'size' threshold)
considering log /var/log/agents/OpenConfig-10240
  log does not need rotating (log size is below the 'size' threshold)
considering log /var/log/agents/OpenConfig-10258
  log does not need rotating (log size is below the 'size' threshold)
considering log /var/log/agents/OpenConfig-10279
  log does not need rotating (log size is below the 'size' threshold)
considering log /var/log/agents/OpenConfig-10465
  log does not need rotating (log size is below the 'size' threshold)
considering log /var/log/agents/OpenConfig-10483
  log does not need rotating (log size is below the 'size' threshold)
considering log /var/log/agents/OpenConfig-10501
  log does not need rotating (log size is below the 'size' threshold)
considering log /var/log/agents/OpenConfig-10521
  log does not need rotating (log size is below the 'size' threshold)
considering log /var/log/agents/OpenConfig-10699
  log does not need rotating (log size is below the 'size' threshold)
considering log /var/log/agents/OpenConfig-10718
  log does not need rotating (log size is below the 'size' threshold)
considering log /var/log/agents/OpenConfig-10736
  log does not need rotating (log size is below the 'size' threshold)
considering log /var/log/agents/OpenConfig-10755
  log does not need rotating (log size is below the 'size' threshold)
considering log /var/log/agents/OpenConfig-10937
  log does not need rotating (log size is below the 'size' threshold)
considering log /var/log/agents/OpenConfig-10956
  log does not need rotating (log size is below the 'size' threshold)
considering log /var/log/agents/OpenConfig-10975
  log does not need rotating (log size is below the 'size' threshold)
considering log /var/log/agents/OpenConfig-11014
  log does not need rotating (log size is below the 'size' threshold)
considering log /var/log/agents/OpenConfig-1998
  log does not need rotating (log size is below the 'size' threshold)
considering log /var/log/agents/OpenConfig-2018
  log does not need rotating (log size is below the 'size' threshold)
considering log /var/log/agents/OpenConfig-2037
  log does not need rotating (log size is below the 'size' threshold)
considering log /var/log/agents/OpenConfig-2055
  log does not need rotating (log size is below the 'size' threshold)
considering log /var/log/agents/OpenConfig-2486
  log does not need rotating (log size is below the 'size' threshold)
considering log /var/log/agents/OpenConfig-2505
  log does not need rotating (log size is below the 'size' threshold)
considering log /var/log/agents/OpenConfig-2523
  log does not need rotating (log size is below the 'size' threshold)
considering log /var/log/agents/OpenConfig-2578
  log does not need rotating (log size is below the 'size' threshold)
considering log /var/log/agents/OpenConfig-2767
  log does not need rotating (log size is below the 'size' threshold)
considering log /var/log/agents/OpenConfig-2787
  log does not need rotating (log size is below the 'size' threshold)
considering log /var/log/agents/OpenConfig-2805
  log does not need rotating (log size is below the 'size' threshold)
considering log /var/log/agents/OpenConfig-2824
  log does not need rotating (log size is below the 'size' threshold)
considering log /var/log/agents/OpenConfig-3009
  log does not need rotating (log size is below the 'size' threshold)
considering log /var/log/agents/OpenConfig-3027
  log does not need rotating (log size is below the 'size' threshold)
considering log /var/log/agents/OpenConfig-3045
  log does not need rotating (log size is below the 'size' threshold)
considering log /var/log/agents/OpenConfig-3066
  log does not need rotating (log size is below the 'size' threshold)
considering log /var/log/agents/OpenConfig-3249
  log does not need rotating (log size is below the 'size' threshold)
considering log /var/log/agents/OpenConfig-3267
  log does not need rotating (log size is below the 'size' threshold)
considering log /var/log/agents/OpenConfig-3286
  log does not need rotating (log size is below the 'size' threshold)
considering log /var/log/agents/OpenConfig-3305
  log does not need rotating (log size is below the 'size' threshold)
considering log /var/log/agents/OpenConfig-3489
  log does not need rotating (log size is below the 'size' threshold)
considering log /var/log/agents/OpenConfig-3521
  log does not need rotating (log size is below the 'size' threshold)
considering log /var/log/agents/OpenConfig-3541
  log does not need rotating (log size is below the 'size' threshold)
considering log /var/log/agents/OpenConfig-3561
  log does not need rotating (log size is below the 'size' threshold)
considering log /var/log/agents/OpenConfig-3746
  log does not need rotating (log size is below the 'size' threshold)
considering log /var/log/agents/OpenConfig-3763
  log does not need rotating (log size is below the 'size' threshold)
considering log /var/log/agents/OpenConfig-3783
  log does not need rotating (log size is below the 'size' threshold)
considering log /var/log/agents/OpenConfig-3802
  log does not need rotating (log size is below the 'size' threshold)
considering log /var/log/agents/OpenConfig-4011
  log does not need rotating (log size is below the 'size' threshold)
considering log /var/log/agents/OpenConfig-4029
  log does not need rotating (log size is below the 'size' threshold)
considering log /var/log/agents/OpenConfig-4048
  log does not need rotating (log size is below the 'size' threshold)
considering log /var/log/agents/OpenConfig-4067
  log does not need rotating (log size is below the 'size' threshold)
considering log /var/log/agents/OpenConfig-4245
  log does not need rotating (log size is below the 'size' threshold)
considering log /var/log/agents/OpenConfig-4264
  log does not need rotating (log size is below the 'size' threshold)
considering log /var/log/agents/OpenConfig-4283
  log does not need rotating (log size is below the 'size' threshold)
considering log /var/log/agents/OpenConfig-4301
  log does not need rotating (log size is below the 'size' threshold)
considering log /var/log/agents/OpenConfig-4483
  log does not need rotating (log size is below the 'size' threshold)
considering log /var/log/agents/OpenConfig-4505
  log does not need rotating (log size is below the 'size' threshold)
considering log /var/log/agents/OpenConfig-4524
  log does not need rotating (log size is below the 'size' threshold)
considering log /var/log/agents/OpenConfig-4541
  log does not need rotating (log size is below the 'size' threshold)
considering log /var/log/agents/OpenConfig-4723
  log does not need rotating (log size is below the 'size' threshold)
considering log /var/log/agents/OpenConfig-4742
  log does not need rotating (log size is below the 'size' threshold)
considering log /var/log/agents/OpenConfig-4761
  log does not need rotating (log size is below the 'size' threshold)
considering log /var/log/agents/OpenConfig-4779
  log does not need rotating (log size is below the 'size' threshold)
considering log /var/log/agents/OpenConfig-4958
  log does not need rotating (log size is below the 'size' threshold)
considering log /var/log/agents/OpenConfig-4978
  log does not need rotating (log size is below the 'size' threshold)
considering log /var/log/agents/OpenConfig-4997
  log does not need rotating (log size is below the 'size' threshold)
considering log /var/log/agents/OpenConfig-5040
  log does not need rotating (log size is below the 'size' threshold)
considering log /var/log/agents/OpenConfig-5220
  log does not need rotating (log size is below the 'size' threshold)
considering log /var/log/agents/OpenConfig-5239
  log does not need rotating (log size is below the 'size' threshold)
considering log /var/log/agents/OpenConfig-5258
  log does not need rotating (log size is below the 'size' threshold)
considering log /var/log/agents/OpenConfig-5277
  log does not need rotating (log size is below the 'size' threshold)
considering log /var/log/agents/OpenConfig-5459
  log does not need rotating (log size is below the 'size' threshold)
considering log /var/log/agents/OpenConfig-5478
  log does not need rotating (log size is below the 'size' threshold)
considering log /var/log/agents/OpenConfig-5496
  log does not need rotating (log size is below the 'size' threshold)
considering log /var/log/agents/OpenConfig-5515
  log does not need rotating (log size is below the 'size' threshold)
considering log /var/log/agents/OpenConfig-5730
  log does not need rotating (log size is below the 'size' threshold)
considering log /var/log/agents/OpenConfig-5748
  log does not need rotating (log size is below the 'size' threshold)
considering log /var/log/agents/OpenConfig-5767
  log does not need rotating (log size is below the 'size' threshold)
considering log /var/log/agents/OpenConfig-5784
  log does not need rotating (log size is below the 'size' threshold)
considering log /var/log/agents/OpenConfig-5964
  log does not need rotating (log size is below the 'size' threshold)
considering log /var/log/agents/OpenConfig-5983
  log does not need rotating (log size is below the 'size' threshold)
considering log /var/log/agents/OpenConfig-6001
  log does not need rotating (log size is below the 'size' threshold)
considering log /var/log/agents/OpenConfig-6020
  log does not need rotating (log size is below the 'size' threshold)
considering log /var/log/agents/OpenConfig-6202
  log does not need rotating (log size is below the 'size' threshold)
considering log /var/log/agents/OpenConfig-6220
  log does not need rotating (log size is below the 'size' threshold)
considering log /var/log/agents/OpenConfig-6239
  log does not need rotating (log size is below the 'size' threshold)
considering log /var/log/agents/OpenConfig-6257
  log does not need rotating (log size is below the 'size' threshold)
considering log /var/log/agents/OpenConfig-6441
  log does not need rotating (log size is below the 'size' threshold)
considering log /var/log/agents/OpenConfig-6460
  log does not need rotating (log size is below the 'size' threshold)
considering log /var/log/agents/OpenConfig-6479
  log does not need rotating (log size is below the 'size' threshold)
considering log /var/log/agents/OpenConfig-6498
  log does not need rotating (log size is below the 'size' threshold)
considering log /var/log/agents/OpenConfig-6690
  log does not need rotating (log size is below the 'size' threshold)
considering log /var/log/agents/OpenConfig-6709
  log does not need rotating (log size is below the 'size' threshold)
considering log /var/log/agents/OpenConfig-6727
  log does not need rotating (log size is below the 'size' threshold)
considering log /var/log/agents/OpenConfig-6744
  log does not need rotating (log size is below the 'size' threshold)
considering log /var/log/agents/OpenConfig-6931
  log does not need rotating (log size is below the 'size' threshold)
considering log /var/log/agents/OpenConfig-6949
  log does not need rotating (log size is below the 'size' threshold)
considering log /var/log/agents/OpenConfig-6968
  log does not need rotating (log size is below the 'size' threshold)
considering log /var/log/agents/OpenConfig-6987
  log does not need rotating (log size is below the 'size' threshold)
considering log /var/log/agents/OpenConfig-7169
  log does not need rotating (log size is below the 'size' threshold)
considering log /var/log/agents/OpenConfig-7188
  log does not need rotating (log size is below the 'size' threshold)
considering log /var/log/agents/OpenConfig-7207
  log does not need rotating (log size is below the 'size' threshold)
considering log /var/log/agents/OpenConfig-7227
  log does not need rotating (log size is below the 'size' threshold)
considering log /var/log/agents/OpenConfig-7406
  log does not need rotating (log size is below the 'size' threshold)
considering log /var/log/agents/OpenConfig-7424
  log does not need rotating (log size is below the 'size' threshold)
considering log /var/log/agents/OpenConfig-7445
  log does not need rotating (log size is below the 'size' threshold)
considering log /var/log/agents/OpenConfig-7464
  log does not need rotating (log size is below the 'size' threshold)
considering log /var/log/agents/OpenConfig-7669
  log does not need rotating (log size is below the 'size' threshold)
considering log /var/log/agents/OpenConfig-7687
  log does not need rotating (log size is below the 'size' threshold)
considering log /var/log/agents/OpenConfig-7707
  log does not need rotating (log size is below the 'size' threshold)
considering log /var/log/agents/OpenConfig-7725
  log does not need rotating (log size is below the 'size' threshold)
considering log /var/log/agents/OpenConfig-7908
  log does not need rotating (log size is below the 'size' threshold)
considering log /var/log/agents/OpenConfig-7927
  log does not need rotating (log size is below the 'size' threshold)
considering log /var/log/agents/OpenConfig-7945
  log does not need rotating (log size is below the 'size' threshold)
considering log /var/log/agents/OpenConfig-7963
  log does not need rotating (log size is below the 'size' threshold)
considering log /var/log/agents/OpenConfig-8170
  log does not need rotating (log size is below the 'size' threshold)
considering log /var/log/agents/OpenConfig-8188
  log does not need rotating (log size is below the 'size' threshold)
considering log /var/log/agents/OpenConfig-8207
  log does not need rotating (log size is below the 'size' threshold)
considering log /var/log/agents/OpenConfig-8226
  log does not need rotating (log size is below the 'size' threshold)
considering log /var/log/agents/OpenConfig-8406
  log does not need rotating (log size is below the 'size' threshold)
considering log /var/log/agents/OpenConfig-8423
  log does not need rotating (log size is below the 'size' threshold)
considering log /var/log/agents/OpenConfig-8441
  log does not need rotating (log size is below the 'size' threshold)
considering log /var/log/agents/OpenConfig-8460
  log does not need rotating (log size is below the 'size' threshold)
considering log /var/log/agents/OpenConfig-8646
  log does not need rotating (log size is below the 'size' threshold)
considering log /var/log/agents/OpenConfig-8664
  log does not need rotating (log size is below the 'size' threshold)
considering log /var/log/agents/OpenConfig-8683
  log does not need rotating (log size is below the 'size' threshold)
considering log /var/log/agents/OpenConfig-8702
  log does not need rotating (log size is below the 'size' threshold)
considering log /var/log/agents/OpenConfig-8884
  log does not need rotating (log size is below the 'size' threshold)
considering log /var/log/agents/OpenConfig-8904
  log does not need rotating (log size is below the 'size' threshold)
considering log /var/log/agents/OpenConfig-8924
  log does not need rotating (log size is below the 'size' threshold)
considering log /var/log/agents/OpenConfig-8942
  log does not need rotating (log size is below the 'size' threshold)
considering log /var/log/agents/OpenConfig-9122
  log does not need rotating (log size is below the 'size' threshold)
considering log /var/log/agents/OpenConfig-9142
  log does not need rotating (log size is below the 'size' threshold)
considering log /var/log/agents/OpenConfig-9160
  log does not need rotating (log size is below the 'size' threshold)
considering log /var/log/agents/OpenConfig-9178
  log does not need rotating (log size is below the 'size' threshold)
considering log /var/log/agents/OpenConfig-9423
  log does not need rotating (log size is below the 'size' threshold)
considering log /var/log/agents/OpenConfig-9441
  log does not need rotating (log size is below the 'size' threshold)
considering log /var/log/agents/OpenConfig-9460
  log does not need rotating (log size is below the 'size' threshold)
considering log /var/log/agents/OpenConfig-9478
  log does not need rotating (log size is below the 'size' threshold)
considering log /var/log/agents/OpenConfig-953
  log does not need rotating (log size is below the 'size' threshold)
considering log /var/log/agents/OpenConfig-9731
  log does not need rotating (log size is below the 'size' threshold)
considering log /var/log/agents/OpenConfig-9750
  log does not need rotating (log size is below the 'size' threshold)
considering log /var/log/agents/OpenConfig-9768
  log does not need rotating (log size is below the 'size' threshold)
considering log /var/log/agents/OpenConfig-9787
  log does not need rotating (log size is below the 'size' threshold)
considering log /var/log/agents/OpenConfig-9970
  log does not need rotating (log size is below the 'size' threshold)
considering log /var/log/agents/PhyEthtool-964
  log does not need rotating (log size is below the 'size' threshold)
considering log /var/log/agents/PortSec-951
  log does not need rotating (log size is below the 'size' threshold)
considering log /var/log/agents/PowerFuse-983
  log does not need rotating (log size is below the 'size' threshold)
considering log /var/log/agents/ProcMgr-master-561
  log does not need rotating (log size is below the 'size' threshold)
considering log /var/log/agents/ProcMgr-worker-571
  log does not need rotating (log size is below the 'size' threshold)
considering log /var/log/agents/Qos-979
  log does not need rotating (log size is below the 'size' threshold)
considering log /var/log/agents/ReloadCauseAgent-985
  log does not need rotating (log size is below the 'size' threshold)
considering log /var/log/agents/RouteInput-1181
  log does not need rotating (log size is below the 'size' threshold)
considering log /var/log/agents/SharedSecretProfile-986
  log does not need rotating (log size is below the 'size' threshold)
considering log /var/log/agents/SlabMonitor-661
  log does not need rotating (log size is below the 'size' threshold)
considering log /var/log/agents/StageMgr-658
  log does not need rotating (log size is below the 'size' threshold)
considering log /var/log/agents/StandbyCpld-961
  log does not need rotating (log size is below the 'size' threshold)
considering log /var/log/agents/StaticRoute-1176
  log does not need rotating (log size is below the 'size' threshold)
considering log /var/log/agents/Stp-972
  log does not need rotating (log size is below the 'size' threshold)
considering log /var/log/agents/StpTopology-968
  log does not need rotating (log size is below the 'size' threshold)
considering log /var/log/agents/StpTxRx-960
  log does not need rotating (log size is below the 'size' threshold)
considering log /var/log/agents/SuperServer-955
  log does not need rotating (log size is below the 'size' threshold)
considering log /var/log/agents/Sysdb-657
  log does not need rotating (log size is below the 'size' threshold)
considering log /var/log/agents/Thermostat-980
  log does not need rotating (log size is below the 'size' threshold)
considering log /var/log/agents/TopoAgent-956
  log does not need rotating (log size is below the 'size' threshold)
considering log /var/log/agents/Tunnel-969
  log does not need rotating (log size is below the 'size' threshold)
considering log /var/log/agents/rbfdu-982
  log does not need rotating (log size is below the 'size' threshold)

rotating pattern: "/var/log/ribd_dump*.*[^.'gz']?"  10240 bytes (4 rotations)
empty log files are not rotated, old logs are removed
considering log /var/log/ribd_dump*.*[^.'gz']?
  log /var/log/ribd_dump*.*[^.'gz']? does not exist -- skipping
not running postrotate script, since no logs were rotated

rotating pattern: /var/log/charon.log  3145728 bytes (4 rotations)
empty log files are not rotated, old logs are removed
considering log /var/log/charon.log
  log does not need rotating (log size is below the 'size' threshold)

rotating pattern: /var/log/watchdogd.log  512000 bytes (4 rotations)
empty log files are not rotated, old logs are removed
considering log /var/log/watchdogd.log
  log does not need rotating (log size is below the 'size' threshold)

rotating pattern: /var/log/cron  after 1 days (3 rotations)
empty log files are not rotated, old logs are removed
considering log /var/log/cron
  log does not need rotating (log has been rotated at 2022-2-13 12:0, that is not day ago yet)
