Sun Feb 13 13:15:01 UTC 2022
reading config file /etc/logrotate.conf
including /etc/logrotate.d
Ignoring syslog.Eos, because of .Eos ending
reading config file nginx
reading config file ppp
reading config file radsecproxy
reading config file rasdaemon
reading config file redis
reading config file snmpd
reading config file syslog
reading config file yum
Allocating hash table for state file, size 10496 B

Handling 21 logs

rotating pattern: /var/log/nginx-*.log  512000 bytes (4 rotations)
empty log files are not rotated, old logs are removed
considering log /var/log/nginx-access.log
  log does not need rotating (log size is below the 'size' threshold)
considering log /var/log/nginx-error.log
  log does not need rotating (log size is below the 'size' threshold)
not running postrotate script, since no logs were rotated

rotating pattern: /var/log/ppp/connect-errors  after 1 days (5 rotations)
empty log files are not rotated, old logs are removed
considering log /var/log/ppp/connect-errors

rotating pattern: /var/log/radsecproxy/radsecproxy.log  10240 bytes (4 rotations)
empty log files are not rotated, old logs are removed
switching euid to 998 and egid to 994
considering log /var/log/radsecproxy/radsecproxy.log
  log /var/log/radsecproxy/radsecproxy.log does not exist -- skipping
not running postrotate script, since no logs were rotated
switching euid to 0 and egid to 0

rotating pattern: /var/log/mcelog  512000 bytes (4 rotations)
empty log files are not rotated, old logs are removed
considering log /var/log/mcelog
  log does not need rotating (log size is below the 'size' threshold)

rotating pattern: /var/log/redis/*.log  weekly (10 rotations)
empty log files are not rotated, old logs are removed
No logs found. Rotation not needed.

rotating pattern: /var/log/snmpd  10240 bytes (4 rotations)
empty log files are not rotated, old logs are removed
considering log /var/log/snmpd
  log /var/log/snmpd does not exist -- skipping
not running postrotate script, since no logs were rotated

rotating pattern: /var/log/secure /var/log/maillog /var/log/spooler  10240 bytes (4 rotations)
empty log files are not rotated, old logs are removed
considering log /var/log/secure
  log does not need rotating (log size is below the 'size' threshold)
considering log /var/log/maillog
  log does not need rotating (log size is below the 'size' threshold)
considering log /var/log/spooler
  log does not need rotating (log size is below the 'size' threshold)
not running postrotate script, since no logs were rotated

rotating pattern: /var/log/yum.log  yearly (4 rotations)
empty log files are not rotated, log files >= 30720 are rotated earlier, old logs are removed
considering log /var/log/yum.log
  log /var/log/yum.log does not exist -- skipping

rotating pattern: /var/log/wtmp  monthly (1 rotations)
empty log files are not rotated, old logs are removed
considering log /var/log/wtmp
  log does not need rotating (log has been rotated at 2022-2-13 12:0, that is not month ago yet)

rotating pattern: /var/log/btmp  1048576 bytes (1 rotations)
empty log files are not rotated, old logs are removed
considering log /var/log/btmp
  log does not need rotating (log size is below the 'size' threshold)

rotating pattern: /var/log/account.log  2097152 bytes (3 rotations)
empty log files are not rotated, old logs are removed
considering log /var/log/account.log
  log does not need rotating (log size is below the 'size' threshold)

rotating pattern: /var/log/messages /var/log/eos  10485760 bytes (4 rotations)
empty log files are not rotated, old logs are removed
considering log /var/log/messages
  log does not need rotating (log size is below the 'size' threshold)
considering log /var/log/eos
  log does not need rotating (log size is below the 'size' threshold)
not running prerotate script, since no logs will be rotated
not running postrotate script, since no logs were rotated

rotating pattern: /var/log/kernel.debug /var/log/canary.log  2097152 bytes (4 rotations)
empty log files are not rotated, old logs are removed
considering log /var/log/kernel.debug
  log /var/log/kernel.debug does not exist -- skipping
considering log /var/log/canary.log
  log /var/log/canary.log does not exist -- skipping
not running postrotate script, since no logs were rotated

rotating pattern: /var/log/eos-console /var/log/eos-console-sync /var/log/eos-monitor /var/log/eos-monitor-sync  10240 bytes (no old logs will be kept)
empty log files are not rotated, old logs are removed
considering log /var/log/eos-console
  log does not need rotating (log size is below the 'size' threshold)
considering log /var/log/eos-console-sync
  log does not need rotating (log size is below the 'size' threshold)
considering log /var/log/eos-monitor
  log does not need rotating (log size is below the 'size' threshold)
considering log /var/log/eos-monitor-sync
  log does not need rotating (log size is below the 'size' threshold)
not running postrotate script, since no logs were rotated

rotating pattern: "/var/core/core*.*[^.'gz']?"  10240 bytes (4 rotations)
empty log files are not rotated, old logs are removed
considering log /var/core/core*.*[^.'gz']?
  log /var/core/core*.*[^.'gz']? does not exist -- skipping
not running postrotate script, since no logs were rotated

rotating pattern: "/var/log/qt/*.qt.[12]"  10240 bytes (no old logs will be kept)
empty log files are not rotated, old logs are removed
considering log /var/log/qt/*.qt.[12]
  log /var/log/qt/*.qt.[12] does not exist -- skipping

rotating pattern: "/var/log/agents/*-[0-9]*[^g][^z]"  512000 bytes (4 rotations)
empty log files are not rotated, old logs are removed
considering log /var/log/agents/Aaa-986
  log does not need rotating (log size is below the 'size' threshold)
considering log /var/log/agents/Acl-990
  log does not need rotating (log size is below the 'size' threshold)
considering log /var/log/agents/AgentMonitor-958
  log does not need rotating (log size is below the 'size' threshold)
considering log /var/log/agents/AleL3Agent-985
  log does not need rotating (log size is below the 'size' threshold)
considering log /var/log/agents/Arp-997
  log does not need rotating (log size is below the 'size' threshold)
considering log /var/log/agents/Bfd-956
  log does not need rotating (log size is below the 'size' threshold)
considering log /var/log/agents/Bgp-1088
  log does not need rotating (log size is below the 'size' threshold)
considering log /var/log/agents/BgpCliHelper-1084
  log does not need rotating (log size is below the 'size' threshold)
considering log /var/log/agents/CapiApp-966
  log does not need rotating (log size is below the 'size' threshold)
considering log /var/log/agents/ConfigAgent-662
  log does not need rotating (log size is below the 'size' threshold)
considering log /var/log/agents/ConnectedRoute-1085
  log does not need rotating (log size is below the 'size' threshold)
considering log /var/log/agents/Ebra-1005
  log does not need rotating (log size is below the 'size' threshold)
considering log /var/log/agents/Etba-996
  log does not need rotating (log size is below the 'size' threshold)
considering log /var/log/agents/EventHistoryAgent-972
  log does not need rotating (log size is below the 'size' threshold)
considering log /var/log/agents/EventMgr-989
  log does not need rotating (log size is below the 'size' threshold)
considering log /var/log/agents/EvpnrtrEncap-1090
  log does not need rotating (log size is below the 'size' threshold)
considering log /var/log/agents/FibServices-970
  log does not need rotating (log size is below the 'size' threshold)
considering log /var/log/agents/Fru-663
  log does not need rotating (log size is below the 'size' threshold)
considering log /var/log/agents/IgmpSnooping-1008
  log does not need rotating (log size is below the 'size' threshold)
considering log /var/log/agents/IpRib-1083
  log does not need rotating (log size is below the 'size' threshold)
considering log /var/log/agents/Ira-961
  log does not need rotating (log size is below the 'size' threshold)
considering log /var/log/agents/KernelFib-999
  log does not need rotating (log size is below the 'size' threshold)
considering log /var/log/agents/KernelNetworkInfo-994
  log does not need rotating (log size is below the 'size' threshold)
considering log /var/log/agents/L2Rib-1002
  log does not need rotating (log size is below the 'size' threshold)
considering log /var/log/agents/LacpTxAgent-953
  log does not need rotating (log size is below the 'size' threshold)
considering log /var/log/agents/Lag-969
  log does not need rotating (log size is below the 'size' threshold)
considering log /var/log/agents/Launcher-665
  log does not need rotating (log size is below the 'size' threshold)
considering log /var/log/agents/LedPolicy-962
  log does not need rotating (log size is below the 'size' threshold)
considering log /var/log/agents/Lldp-998
  log does not need rotating (log size is below the 'size' threshold)
considering log /var/log/agents/McastCommon-954
  log does not need rotating (log size is below the 'size' threshold)
considering log /var/log/agents/McastCommon6-995
  log does not need rotating (log size is below the 'size' threshold)
considering log /var/log/agents/OpenConfig-10069
  log does not need rotating (log size is below the 'size' threshold)
considering log /var/log/agents/OpenConfig-10087
  log does not need rotating (log size is below the 'size' threshold)
considering log /var/log/agents/OpenConfig-10106
  log does not need rotating (log size is below the 'size' threshold)
considering log /var/log/agents/OpenConfig-10125
  log does not need rotating (log size is below the 'size' threshold)
considering log /var/log/agents/OpenConfig-10307
  log does not need rotating (log size is below the 'size' threshold)
considering log /var/log/agents/OpenConfig-10325
  log does not need rotating (log size is below the 'size' threshold)
considering log /var/log/agents/OpenConfig-10344
  log does not need rotating (log size is below the 'size' threshold)
considering log /var/log/agents/OpenConfig-10363
  log does not need rotating (log size is below the 'size' threshold)
considering log /var/log/agents/OpenConfig-10545
  log does not need rotating (log size is below the 'size' threshold)
considering log /var/log/agents/OpenConfig-10576
  log does not need rotating (log size is below the 'size' threshold)
considering log /var/log/agents/OpenConfig-10595
  log does not need rotating (log size is below the 'size' threshold)
considering log /var/log/agents/OpenConfig-10614
  log does not need rotating (log size is below the 'size' threshold)
considering log /var/log/agents/OpenConfig-10796
  log does not need rotating (log size is below the 'size' threshold)
considering log /var/log/agents/OpenConfig-10815
  log does not need rotating (log size is below the 'size' threshold)
considering log /var/log/agents/OpenConfig-10835
  log does not need rotating (log size is below the 'size' threshold)
considering log /var/log/agents/OpenConfig-10854
  log does not need rotating (log size is below the 'size' threshold)
considering log /var/log/agents/OpenConfig-11036
  log does not need rotating (log size is below the 'size' threshold)
considering log /var/log/agents/OpenConfig-11054
  log does not need rotating (log size is below the 'size' threshold)
considering log /var/log/agents/OpenConfig-11073
  log does not need rotating (log size is below the 'size' threshold)
considering log /var/log/agents/OpenConfig-11092
  log does not need rotating (log size is below the 'size' threshold)
considering log /var/log/agents/OpenConfig-2020
  log does not need rotating (log size is below the 'size' threshold)
considering log /var/log/agents/OpenConfig-2040
  log does not need rotating (log size is below the 'size' threshold)
considering log /var/log/agents/OpenConfig-2061
  log does not need rotating (log size is below the 'size' threshold)
considering log /var/log/agents/OpenConfig-2079
  log does not need rotating (log size is below the 'size' threshold)
considering log /var/log/agents/OpenConfig-2593
  log does not need rotating (log size is below the 'size' threshold)
considering log /var/log/agents/OpenConfig-2612
  log does not need rotating (log size is below the 'size' threshold)
considering log /var/log/agents/OpenConfig-2632
  log does not need rotating (log size is below the 'size' threshold)
considering log /var/log/agents/OpenConfig-2687
  log does not need rotating (log size is below the 'size' threshold)
considering log /var/log/agents/OpenConfig-2875
  log does not need rotating (log size is below the 'size' threshold)
considering log /var/log/agents/OpenConfig-2893
  log does not need rotating (log size is below the 'size' threshold)
considering log /var/log/agents/OpenConfig-2914
  log does not need rotating (log size is below the 'size' threshold)
considering log /var/log/agents/OpenConfig-2933
  log does not need rotating (log size is below the 'size' threshold)
considering log /var/log/agents/OpenConfig-3118
  log does not need rotating (log size is below the 'size' threshold)
considering log /var/log/agents/OpenConfig-3137
  log does not need rotating (log size is below the 'size' threshold)
considering log /var/log/agents/OpenConfig-3156
  log does not need rotating (log size is below the 'size' threshold)
considering log /var/log/agents/OpenConfig-3175
  log does not need rotating (log size is below the 'size' threshold)
considering log /var/log/agents/OpenConfig-3357
  log does not need rotating (log size is below the 'size' threshold)
considering log /var/log/agents/OpenConfig-3376
  log does not need rotating (log size is below the 'size' threshold)
considering log /var/log/agents/OpenConfig-3395
  log does not need rotating (log size is below the 'size' threshold)
considering log /var/log/agents/OpenConfig-3415
  log does not need rotating (log size is below the 'size' threshold)
considering log /var/log/agents/OpenConfig-3598
  log does not need rotating (log size is below the 'size' threshold)
considering log /var/log/agents/OpenConfig-3618
  log does not need rotating (log size is below the 'size' threshold)
considering log /var/log/agents/OpenConfig-3637
  log does not need rotating (log size is below the 'size' threshold)
considering log /var/log/agents/OpenConfig-3669
  log does not need rotating (log size is below the 'size' threshold)
considering log /var/log/agents/OpenConfig-3852
  log does not need rotating (log size is below the 'size' threshold)
considering log /var/log/agents/OpenConfig-3871
  log does not need rotating (log size is below the 'size' threshold)
considering log /var/log/agents/OpenConfig-3889
  log does not need rotating (log size is below the 'size' threshold)
considering log /var/log/agents/OpenConfig-3908
  log does not need rotating (log size is below the 'size' threshold)
considering log /var/log/agents/OpenConfig-4115
  log does not need rotating (log size is below the 'size' threshold)
considering log /var/log/agents/OpenConfig-4134
  log does not need rotating (log size is below the 'size' threshold)
considering log /var/log/agents/OpenConfig-4153
  log does not need rotating (log size is below the 'size' threshold)
considering log /var/log/agents/OpenConfig-4172
  log does not need rotating (log size is below the 'size' threshold)
considering log /var/log/agents/OpenConfig-4351
  log does not need rotating (log size is below the 'size' threshold)
considering log /var/log/agents/OpenConfig-4370
  log does not need rotating (log size is below the 'size' threshold)
considering log /var/log/agents/OpenConfig-4388
  log does not need rotating (log size is below the 'size' threshold)
considering log /var/log/agents/OpenConfig-4407
  log does not need rotating (log size is below the 'size' threshold)
considering log /var/log/agents/OpenConfig-4589
  log does not need rotating (log size is below the 'size' threshold)
considering log /var/log/agents/OpenConfig-4607
  log does not need rotating (log size is below the 'size' threshold)
considering log /var/log/agents/OpenConfig-4625
  log does not need rotating (log size is below the 'size' threshold)
considering log /var/log/agents/OpenConfig-4644
  log does not need rotating (log size is below the 'size' threshold)
considering log /var/log/agents/OpenConfig-4829
  log does not need rotating (log size is below the 'size' threshold)
considering log /var/log/agents/OpenConfig-4847
  log does not need rotating (log size is below the 'size' threshold)
considering log /var/log/agents/OpenConfig-4866
  log does not need rotating (log size is below the 'size' threshold)
considering log /var/log/agents/OpenConfig-4883
  log does not need rotating (log size is below the 'size' threshold)
considering log /var/log/agents/OpenConfig-5063
  log does not need rotating (log size is below the 'size' threshold)
considering log /var/log/agents/OpenConfig-5082
  log does not need rotating (log size is below the 'size' threshold)
considering log /var/log/agents/OpenConfig-5100
  log does not need rotating (log size is below the 'size' threshold)
considering log /var/log/agents/OpenConfig-5119
  log does not need rotating (log size is below the 'size' threshold)
considering log /var/log/agents/OpenConfig-5317
  log does not need rotating (log size is below the 'size' threshold)
considering log /var/log/agents/OpenConfig-5336
  log does not need rotating (log size is below the 'size' threshold)
considering log /var/log/agents/OpenConfig-5354
  log does not need rotating (log size is below the 'size' threshold)
considering log /var/log/agents/OpenConfig-5373
  log does not need rotating (log size is below the 'size' threshold)
considering log /var/log/agents/OpenConfig-5556
  log does not need rotating (log size is below the 'size' threshold)
considering log /var/log/agents/OpenConfig-5575
  log does not need rotating (log size is below the 'size' threshold)
considering log /var/log/agents/OpenConfig-5594
  log does not need rotating (log size is below the 'size' threshold)
considering log /var/log/agents/OpenConfig-5613
  log does not need rotating (log size is below the 'size' threshold)
considering log /var/log/agents/OpenConfig-5828
  log does not need rotating (log size is below the 'size' threshold)
considering log /var/log/agents/OpenConfig-5847
  log does not need rotating (log size is below the 'size' threshold)
considering log /var/log/agents/OpenConfig-5866
  log does not need rotating (log size is below the 'size' threshold)
considering log /var/log/agents/OpenConfig-5883
  log does not need rotating (log size is below the 'size' threshold)
considering log /var/log/agents/OpenConfig-6063
  log does not need rotating (log size is below the 'size' threshold)
considering log /var/log/agents/OpenConfig-6082
  log does not need rotating (log size is below the 'size' threshold)
considering log /var/log/agents/OpenConfig-6101
  log does not need rotating (log size is below the 'size' threshold)
considering log /var/log/agents/OpenConfig-6120
  log does not need rotating (log size is below the 'size' threshold)
considering log /var/log/agents/OpenConfig-6302
  log does not need rotating (log size is below the 'size' threshold)
considering log /var/log/agents/OpenConfig-6320
  log does not need rotating (log size is below the 'size' threshold)
considering log /var/log/agents/OpenConfig-6340
  log does not need rotating (log size is below the 'size' threshold)
considering log /var/log/agents/OpenConfig-6359
  log does not need rotating (log size is below the 'size' threshold)
considering log /var/log/agents/OpenConfig-6545
  log does not need rotating (log size is below the 'size' threshold)
considering log /var/log/agents/OpenConfig-6563
  log does not need rotating (log size is below the 'size' threshold)
considering log /var/log/agents/OpenConfig-6582
  log does not need rotating (log size is below the 'size' threshold)
considering log /var/log/agents/OpenConfig-6601
  log does not need rotating (log size is below the 'size' threshold)
considering log /var/log/agents/OpenConfig-6780
  log does not need rotating (log size is below the 'size' threshold)
considering log /var/log/agents/OpenConfig-6799
  log does not need rotating (log size is below the 'size' threshold)
considering log /var/log/agents/OpenConfig-6818
  log does not need rotating (log size is below the 'size' threshold)
considering log /var/log/agents/OpenConfig-6837
  log does not need rotating (log size is below the 'size' threshold)
considering log /var/log/agents/OpenConfig-7022
  log does not need rotating (log size is below the 'size' threshold)
considering log /var/log/agents/OpenConfig-7041
  log does not need rotating (log size is below the 'size' threshold)
considering log /var/log/agents/OpenConfig-7061
  log does not need rotating (log size is below the 'size' threshold)
considering log /var/log/agents/OpenConfig-7089
  log does not need rotating (log size is below the 'size' threshold)
considering log /var/log/agents/OpenConfig-7272
  log does not need rotating (log size is below the 'size' threshold)
considering log /var/log/agents/OpenConfig-7291
  log does not need rotating (log size is below the 'size' threshold)
considering log /var/log/agents/OpenConfig-7309
  log does not need rotating (log size is below the 'size' threshold)
considering log /var/log/agents/OpenConfig-7327
  log does not need rotating (log size is below the 'size' threshold)
considering log /var/log/agents/OpenConfig-7507
  log does not need rotating (log size is below the 'size' threshold)
considering log /var/log/agents/OpenConfig-7526
  log does not need rotating (log size is below the 'size' threshold)
considering log /var/log/agents/OpenConfig-7544
  log does not need rotating (log size is below the 'size' threshold)
considering log /var/log/agents/OpenConfig-7563
  log does not need rotating (log size is below the 'size' threshold)
considering log /var/log/agents/OpenConfig-7773
  log does not need rotating (log size is below the 'size' threshold)
considering log /var/log/agents/OpenConfig-7791
  log does not need rotating (log size is below the 'size' threshold)
considering log /var/log/agents/OpenConfig-7810
  log does not need rotating (log size is below the 'size' threshold)
considering log /var/log/agents/OpenConfig-7829
  log does not need rotating (log size is below the 'size' threshold)
considering log /var/log/agents/OpenConfig-8012
  log does not need rotating (log size is below the 'size' threshold)
considering log /var/log/agents/OpenConfig-8030
  log does not need rotating (log size is below the 'size' threshold)
considering log /var/log/agents/OpenConfig-8049
  log does not need rotating (log size is below the 'size' threshold)
considering log /var/log/agents/OpenConfig-8068
  log does not need rotating (log size is below the 'size' threshold)
considering log /var/log/agents/OpenConfig-8250
  log does not need rotating (log size is below the 'size' threshold)
considering log /var/log/agents/OpenConfig-8268
  log does not need rotating (log size is below the 'size' threshold)
considering log /var/log/agents/OpenConfig-8305
  log does not need rotating (log size is below the 'size' threshold)
considering log /var/log/agents/OpenConfig-8330
  log does not need rotating (log size is below the 'size' threshold)
considering log /var/log/agents/OpenConfig-8506
  log does not need rotating (log size is below the 'size' threshold)
considering log /var/log/agents/OpenConfig-8525
  log does not need rotating (log size is below the 'size' threshold)
considering log /var/log/agents/OpenConfig-8544
  log does not need rotating (log size is below the 'size' threshold)
considering log /var/log/agents/OpenConfig-8564
  log does not need rotating (log size is below the 'size' threshold)
considering log /var/log/agents/OpenConfig-8748
  log does not need rotating (log size is below the 'size' threshold)
considering log /var/log/agents/OpenConfig-8767
  log does not need rotating (log size is below the 'size' threshold)
considering log /var/log/agents/OpenConfig-8786
  log does not need rotating (log size is below the 'size' threshold)
considering log /var/log/agents/OpenConfig-8805
  log does not need rotating (log size is below the 'size' threshold)
considering log /var/log/agents/OpenConfig-8987
  log does not need rotating (log size is below the 'size' threshold)
considering log /var/log/agents/OpenConfig-9005
  log does not need rotating (log size is below the 'size' threshold)
considering log /var/log/agents/OpenConfig-9023
  log does not need rotating (log size is below the 'size' threshold)
considering log /var/log/agents/OpenConfig-9042
  log does not need rotating (log size is below the 'size' threshold)
considering log /var/log/agents/OpenConfig-9221
  log does not need rotating (log size is below the 'size' threshold)
considering log /var/log/agents/OpenConfig-9240
  log does not need rotating (log size is below the 'size' threshold)
considering log /var/log/agents/OpenConfig-9258
  log does not need rotating (log size is below the 'size' threshold)
considering log /var/log/agents/OpenConfig-9277
  log does not need rotating (log size is below the 'size' threshold)
considering log /var/log/agents/OpenConfig-9522
  log does not need rotating (log size is below the 'size' threshold)
considering log /var/log/agents/OpenConfig-9541
  log does not need rotating (log size is below the 'size' threshold)
considering log /var/log/agents/OpenConfig-9559
  log does not need rotating (log size is below the 'size' threshold)
considering log /var/log/agents/OpenConfig-957
  log does not need rotating (log size is below the 'size' threshold)
considering log /var/log/agents/OpenConfig-9578
  log does not need rotating (log size is below the 'size' threshold)
considering log /var/log/agents/OpenConfig-9830
  log does not need rotating (log size is below the 'size' threshold)
considering log /var/log/agents/OpenConfig-9850
  log does not need rotating (log size is below the 'size' threshold)
considering log /var/log/agents/OpenConfig-9868
  log does not need rotating (log size is below the 'size' threshold)
considering log /var/log/agents/OpenConfig-9887
  log does not need rotating (log size is below the 'size' threshold)
considering log /var/log/agents/Ospf-2345
  log does not need rotating (log size is below the 'size' threshold)
considering log /var/log/agents/PhyEthtool-971
  log does not need rotating (log size is below the 'size' threshold)
considering log /var/log/agents/PortSec-955
  log does not need rotating (log size is below the 'size' threshold)
considering log /var/log/agents/PowerFuse-1004
  log does not need rotating (log size is below the 'size' threshold)
considering log /var/log/agents/ProcMgr-master-569
  log does not need rotating (log size is below the 'size' threshold)
considering log /var/log/agents/ProcMgr-worker-573
  log does not need rotating (log size is below the 'size' threshold)
considering log /var/log/agents/Qos-1000
  log does not need rotating (log size is below the 'size' threshold)
considering log /var/log/agents/ReloadCauseAgent-1006
  log does not need rotating (log size is below the 'size' threshold)
considering log /var/log/agents/RouteInput-1087
  log does not need rotating (log size is below the 'size' threshold)
considering log /var/log/agents/SharedSecretProfile-1007
  log does not need rotating (log size is below the 'size' threshold)
considering log /var/log/agents/SlabMonitor-664
  log does not need rotating (log size is below the 'size' threshold)
considering log /var/log/agents/StageMgr-661
  log does not need rotating (log size is below the 'size' threshold)
considering log /var/log/agents/StandbyCpld-968
  log does not need rotating (log size is below the 'size' threshold)
considering log /var/log/agents/StaticRoute-1082
  log does not need rotating (log size is below the 'size' threshold)
considering log /var/log/agents/Stp-991
  log does not need rotating (log size is below the 'size' threshold)
considering log /var/log/agents/StpTopology-987
  log does not need rotating (log size is below the 'size' threshold)
considering log /var/log/agents/StpTxRx-967
  log does not need rotating (log size is below the 'size' threshold)
considering log /var/log/agents/SuperServer-959
  log does not need rotating (log size is below the 'size' threshold)
considering log /var/log/agents/Sysdb-660
  log does not need rotating (log size is below the 'size' threshold)
considering log /var/log/agents/Thermostat-1001
  log does not need rotating (log size is below the 'size' threshold)
considering log /var/log/agents/TopoAgent-960
  log does not need rotating (log size is below the 'size' threshold)
considering log /var/log/agents/Tunnel-988
  log does not need rotating (log size is below the 'size' threshold)
considering log /var/log/agents/rbfdu-1003
  log does not need rotating (log size is below the 'size' threshold)

rotating pattern: "/var/log/ribd_dump*.*[^.'gz']?"  10240 bytes (4 rotations)
empty log files are not rotated, old logs are removed
considering log /var/log/ribd_dump*.*[^.'gz']?
  log /var/log/ribd_dump*.*[^.'gz']? does not exist -- skipping
not running postrotate script, since no logs were rotated

rotating pattern: /var/log/charon.log  3145728 bytes (4 rotations)
empty log files are not rotated, old logs are removed
considering log /var/log/charon.log
  log does not need rotating (log size is below the 'size' threshold)

rotating pattern: /var/log/watchdogd.log  512000 bytes (4 rotations)
empty log files are not rotated, old logs are removed
considering log /var/log/watchdogd.log
  log does not need rotating (log size is below the 'size' threshold)

rotating pattern: /var/log/cron  after 1 days (3 rotations)
empty log files are not rotated, old logs are removed
considering log /var/log/cron
  log does not need rotating (log has been rotated at 2022-2-13 12:0, that is not day ago yet)
