Sun Feb 13 13:01:01 UTC 2022
reading config file /etc/logrotate.conf
including /etc/logrotate.d
Ignoring syslog.Eos, because of .Eos ending
reading config file nginx
reading config file ppp
reading config file radsecproxy
reading config file rasdaemon
reading config file redis
reading config file snmpd
reading config file syslog
reading config file yum
Allocating hash table for state file, size 10496 B

Handling 21 logs

rotating pattern: /var/log/nginx-*.log  512000 bytes (4 rotations)
empty log files are not rotated, old logs are removed
considering log /var/log/nginx-access.log
  log does not need rotating (log size is below the 'size' threshold)
considering log /var/log/nginx-error.log
  log does not need rotating (log size is below the 'size' threshold)
not running postrotate script, since no logs were rotated

rotating pattern: /var/log/ppp/connect-errors  after 1 days (5 rotations)
empty log files are not rotated, old logs are removed
considering log /var/log/ppp/connect-errors

rotating pattern: /var/log/radsecproxy/radsecproxy.log  10240 bytes (4 rotations)
empty log files are not rotated, old logs are removed
switching euid to 998 and egid to 994
considering log /var/log/radsecproxy/radsecproxy.log
  log /var/log/radsecproxy/radsecproxy.log does not exist -- skipping
not running postrotate script, since no logs were rotated
switching euid to 0 and egid to 0

rotating pattern: /var/log/mcelog  512000 bytes (4 rotations)
empty log files are not rotated, old logs are removed
considering log /var/log/mcelog
  log does not need rotating (log size is below the 'size' threshold)

rotating pattern: /var/log/redis/*.log  weekly (10 rotations)
empty log files are not rotated, old logs are removed
No logs found. Rotation not needed.

rotating pattern: /var/log/snmpd  10240 bytes (4 rotations)
empty log files are not rotated, old logs are removed
considering log /var/log/snmpd
  log /var/log/snmpd does not exist -- skipping
not running postrotate script, since no logs were rotated

rotating pattern: /var/log/secure /var/log/maillog /var/log/spooler  10240 bytes (4 rotations)
empty log files are not rotated, old logs are removed
considering log /var/log/secure
  log does not need rotating (log size is below the 'size' threshold)
considering log /var/log/maillog
  log does not need rotating (log size is below the 'size' threshold)
considering log /var/log/spooler
  log does not need rotating (log size is below the 'size' threshold)
not running postrotate script, since no logs were rotated

rotating pattern: /var/log/yum.log  yearly (4 rotations)
empty log files are not rotated, log files >= 30720 are rotated earlier, old logs are removed
considering log /var/log/yum.log
  log /var/log/yum.log does not exist -- skipping

rotating pattern: /var/log/wtmp  monthly (1 rotations)
empty log files are not rotated, old logs are removed
considering log /var/log/wtmp
  log does not need rotating (log has been rotated at 2022-2-13 12:0, that is not month ago yet)

rotating pattern: /var/log/btmp  1048576 bytes (1 rotations)
empty log files are not rotated, old logs are removed
considering log /var/log/btmp
  log does not need rotating (log size is below the 'size' threshold)

rotating pattern: /var/log/account.log  2097152 bytes (3 rotations)
empty log files are not rotated, old logs are removed
considering log /var/log/account.log
  log does not need rotating (log size is below the 'size' threshold)

rotating pattern: /var/log/messages /var/log/eos  10485760 bytes (4 rotations)
empty log files are not rotated, old logs are removed
considering log /var/log/messages
  log does not need rotating (log size is below the 'size' threshold)
considering log /var/log/eos
  log does not need rotating (log size is below the 'size' threshold)
not running prerotate script, since no logs will be rotated
not running postrotate script, since no logs were rotated

rotating pattern: /var/log/kernel.debug /var/log/canary.log  2097152 bytes (4 rotations)
empty log files are not rotated, old logs are removed
considering log /var/log/kernel.debug
  log /var/log/kernel.debug does not exist -- skipping
considering log /var/log/canary.log
  log /var/log/canary.log does not exist -- skipping
not running postrotate script, since no logs were rotated

rotating pattern: /var/log/eos-console /var/log/eos-console-sync /var/log/eos-monitor /var/log/eos-monitor-sync  10240 bytes (no old logs will be kept)
empty log files are not rotated, old logs are removed
considering log /var/log/eos-console
  log needs rotating
considering log /var/log/eos-console-sync
  log does not need rotating (log size is below the 'size' threshold)
considering log /var/log/eos-monitor
  log needs rotating
considering log /var/log/eos-monitor-sync
  log does not need rotating (log size is below the 'size' threshold)
rotating log /var/log/eos-console, log->rotateCount is 0
Converted ' .%Y-%m-%d_%s' -> '.%Y-%m-%d_%s'
dateext suffix '.2022-02-13_1644757261'
glob pattern '.[0-9][0-9][0-9][0-9]-[0-9][0-9]-[0-9][0-9]_[0-9][0-9][0-9][0-9][0-9][0-9][0-9][0-9][0-9][0-9]'
glob finding old rotated logs failed
rotating log /var/log/eos-monitor, log->rotateCount is 0
Converted ' .%Y-%m-%d_%s' -> '.%Y-%m-%d_%s'
dateext suffix '.2022-02-13_1644757261'
glob pattern '.[0-9][0-9][0-9][0-9]-[0-9][0-9]-[0-9][0-9]_[0-9][0-9][0-9][0-9][0-9][0-9][0-9][0-9][0-9][0-9]'
glob finding old rotated logs failed
renaming /var/log/eos-console to /var/log/eos-console.2022-02-13_1644757261
disposeName will be /var/log/eos-console.2022-02-13_1644757261
creating new /var/log/eos-console mode = 0640 uid = 0 gid = 88
renaming /var/log/eos-monitor to /var/log/eos-monitor.2022-02-13_1644757261
disposeName will be /var/log/eos-monitor.2022-02-13_1644757261
creating new /var/log/eos-monitor mode = 0640 uid = 0 gid = 88
running postrotate script
removing old log /var/log/eos-console.2022-02-13_1644757261
removing old log /var/log/eos-monitor.2022-02-13_1644757261

rotating pattern: "/var/core/core*.*[^.'gz']?"  10240 bytes (4 rotations)
empty log files are not rotated, old logs are removed
considering log /var/core/core*.*[^.'gz']?
  log /var/core/core*.*[^.'gz']? does not exist -- skipping
not running postrotate script, since no logs were rotated

rotating pattern: "/var/log/qt/*.qt.[12]"  10240 bytes (no old logs will be kept)
empty log files are not rotated, old logs are removed
considering log /var/log/qt/PimReg-libs.qt.1
  log needs rotating
considering log /var/log/qt/PimReg.qt.1
  log needs rotating
considering log /var/log/qt/Pimsm-libs.qt.1
  log needs rotating
considering log /var/log/qt/Pimsm.qt.1
  log needs rotating
considering log /var/log/qt/mrouteEventMon.qt.1
  log needs rotating
rotating log /var/log/qt/PimReg-libs.qt.1, log->rotateCount is 0
Converted ' .%Y-%m-%d_%s' -> '.%Y-%m-%d_%s'
dateext suffix '.2022-02-13_1644757261'
glob pattern '.[0-9][0-9][0-9][0-9]-[0-9][0-9]-[0-9][0-9]_[0-9][0-9][0-9][0-9][0-9][0-9][0-9][0-9][0-9][0-9]'
renaming /var/log/qt/PimReg-libs.qt.1.1 to /var/log/qt/PimReg-libs.qt.1.2 (rotatecount 1, logstart 1, i 1), 
old log /var/log/qt/PimReg-libs.qt.1.1 does not exist
renaming /var/log/qt/PimReg-libs.qt.1.0 to /var/log/qt/PimReg-libs.qt.1.1 (rotatecount 1, logstart 1, i 0), 
old log /var/log/qt/PimReg-libs.qt.1.0 does not exist
log /var/log/qt/PimReg-libs.qt.1.2 doesn't exist -- won't try to dispose of it
running prerotate script
renaming /var/log/qt/PimReg-libs.qt.1 to /var/log/qt/PimReg-libs.qt.1.1
disposeName will be /var/log/qt/PimReg-libs.qt.1.1
removing old log /var/log/qt/PimReg-libs.qt.1.1
rotating log /var/log/qt/PimReg.qt.1, log->rotateCount is 0
Converted ' .%Y-%m-%d_%s' -> '.%Y-%m-%d_%s'
dateext suffix '.2022-02-13_1644757261'
glob pattern '.[0-9][0-9][0-9][0-9]-[0-9][0-9]-[0-9][0-9]_[0-9][0-9][0-9][0-9][0-9][0-9][0-9][0-9][0-9][0-9]'
renaming /var/log/qt/PimReg.qt.1.1 to /var/log/qt/PimReg.qt.1.2 (rotatecount 1, logstart 1, i 1), 
old log /var/log/qt/PimReg.qt.1.1 does not exist
renaming /var/log/qt/PimReg.qt.1.0 to /var/log/qt/PimReg.qt.1.1 (rotatecount 1, logstart 1, i 0), 
old log /var/log/qt/PimReg.qt.1.0 does not exist
log /var/log/qt/PimReg.qt.1.2 doesn't exist -- won't try to dispose of it
running prerotate script
renaming /var/log/qt/PimReg.qt.1 to /var/log/qt/PimReg.qt.1.1
disposeName will be /var/log/qt/PimReg.qt.1.1
removing old log /var/log/qt/PimReg.qt.1.1
rotating log /var/log/qt/Pimsm-libs.qt.1, log->rotateCount is 0
Converted ' .%Y-%m-%d_%s' -> '.%Y-%m-%d_%s'
dateext suffix '.2022-02-13_1644757261'
glob pattern '.[0-9][0-9][0-9][0-9]-[0-9][0-9]-[0-9][0-9]_[0-9][0-9][0-9][0-9][0-9][0-9][0-9][0-9][0-9][0-9]'
renaming /var/log/qt/Pimsm-libs.qt.1.1 to /var/log/qt/Pimsm-libs.qt.1.2 (rotatecount 1, logstart 1, i 1), 
old log /var/log/qt/Pimsm-libs.qt.1.1 does not exist
renaming /var/log/qt/Pimsm-libs.qt.1.0 to /var/log/qt/Pimsm-libs.qt.1.1 (rotatecount 1, logstart 1, i 0), 
old log /var/log/qt/Pimsm-libs.qt.1.0 does not exist
log /var/log/qt/Pimsm-libs.qt.1.2 doesn't exist -- won't try to dispose of it
running prerotate script
renaming /var/log/qt/Pimsm-libs.qt.1 to /var/log/qt/Pimsm-libs.qt.1.1
disposeName will be /var/log/qt/Pimsm-libs.qt.1.1
removing old log /var/log/qt/Pimsm-libs.qt.1.1
rotating log /var/log/qt/Pimsm.qt.1, log->rotateCount is 0
Converted ' .%Y-%m-%d_%s' -> '.%Y-%m-%d_%s'
dateext suffix '.2022-02-13_1644757261'
glob pattern '.[0-9][0-9][0-9][0-9]-[0-9][0-9]-[0-9][0-9]_[0-9][0-9][0-9][0-9][0-9][0-9][0-9][0-9][0-9][0-9]'
renaming /var/log/qt/Pimsm.qt.1.1 to /var/log/qt/Pimsm.qt.1.2 (rotatecount 1, logstart 1, i 1), 
old log /var/log/qt/Pimsm.qt.1.1 does not exist
renaming /var/log/qt/Pimsm.qt.1.0 to /var/log/qt/Pimsm.qt.1.1 (rotatecount 1, logstart 1, i 0), 
old log /var/log/qt/Pimsm.qt.1.0 does not exist
log /var/log/qt/Pimsm.qt.1.2 doesn't exist -- won't try to dispose of it
running prerotate script
renaming /var/log/qt/Pimsm.qt.1 to /var/log/qt/Pimsm.qt.1.1
disposeName will be /var/log/qt/Pimsm.qt.1.1
removing old log /var/log/qt/Pimsm.qt.1.1
rotating log /var/log/qt/mrouteEventMon.qt.1, log->rotateCount is 0
Converted ' .%Y-%m-%d_%s' -> '.%Y-%m-%d_%s'
dateext suffix '.2022-02-13_1644757261'
glob pattern '.[0-9][0-9][0-9][0-9]-[0-9][0-9]-[0-9][0-9]_[0-9][0-9][0-9][0-9][0-9][0-9][0-9][0-9][0-9][0-9]'
renaming /var/log/qt/mrouteEventMon.qt.1.1 to /var/log/qt/mrouteEventMon.qt.1.2 (rotatecount 1, logstart 1, i 1), 
old log /var/log/qt/mrouteEventMon.qt.1.1 does not exist
renaming /var/log/qt/mrouteEventMon.qt.1.0 to /var/log/qt/mrouteEventMon.qt.1.1 (rotatecount 1, logstart 1, i 0), 
old log /var/log/qt/mrouteEventMon.qt.1.0 does not exist
log /var/log/qt/mrouteEventMon.qt.1.2 doesn't exist -- won't try to dispose of it
running prerotate script
renaming /var/log/qt/mrouteEventMon.qt.1 to /var/log/qt/mrouteEventMon.qt.1.1
disposeName will be /var/log/qt/mrouteEventMon.qt.1.1
removing old log /var/log/qt/mrouteEventMon.qt.1.1

rotating pattern: "/var/log/agents/*-[0-9]*[^g][^z]"  512000 bytes (4 rotations)
empty log files are not rotated, old logs are removed
considering log /var/log/agents/Aaa-973
  log does not need rotating (log size is below the 'size' threshold)
considering log /var/log/agents/Acl-977
  log does not need rotating (log size is below the 'size' threshold)
considering log /var/log/agents/AgentMonitor-958
  log does not need rotating (log size is below the 'size' threshold)
considering log /var/log/agents/AleL3Agent-972
  log does not need rotating (log size is below the 'size' threshold)
considering log /var/log/agents/Arp-982
  log does not need rotating (log size is below the 'size' threshold)
considering log /var/log/agents/Bfd-956
  log does not need rotating (log size is below the 'size' threshold)
considering log /var/log/agents/Bgp-1141
  log does not need rotating (log size is below the 'size' threshold)
considering log /var/log/agents/BgpCliHelper-1135
  log does not need rotating (log size is below the 'size' threshold)
considering log /var/log/agents/CapiApp-963
  log does not need rotating (log size is below the 'size' threshold)
considering log /var/log/agents/ConfigAgent-662
  log does not need rotating (log size is below the 'size' threshold)
considering log /var/log/agents/ConnectedRoute-1138
  log does not need rotating (log size is below the 'size' threshold)
considering log /var/log/agents/Ebra-994
  log does not need rotating (log size is below the 'size' threshold)
considering log /var/log/agents/Etba-981
  log does not need rotating (log size is below the 'size' threshold)
considering log /var/log/agents/EventHistoryAgent-971
  log does not need rotating (log size is below the 'size' threshold)
considering log /var/log/agents/EventMgr-976
  log does not need rotating (log size is below the 'size' threshold)
considering log /var/log/agents/EvpnrtrEncap-1142
  log does not need rotating (log size is below the 'size' threshold)
considering log /var/log/agents/FibServices-967
  log does not need rotating (log size is below the 'size' threshold)
considering log /var/log/agents/Fru-663
  log does not need rotating (log size is below the 'size' threshold)
considering log /var/log/agents/Igmp-2858
  log does not need rotating (log size is below the 'size' threshold)
considering log /var/log/agents/IgmpHostProxy-2862
  log does not need rotating (log size is below the 'size' threshold)
considering log /var/log/agents/IgmpSnooping-997
  log does not need rotating (log size is below the 'size' threshold)
considering log /var/log/agents/IpRib-1134
  log does not need rotating (log size is below the 'size' threshold)
considering log /var/log/agents/Ira-961
  log does not need rotating (log size is below the 'size' threshold)
considering log /var/log/agents/KernelFib-987
  log does not need rotating (log size is below the 'size' threshold)
considering log /var/log/agents/KernelMfib-2853
  log does not need rotating (log size is below the 'size' threshold)
considering log /var/log/agents/KernelNetworkInfo-979
  log does not need rotating (log size is below the 'size' threshold)
considering log /var/log/agents/L2Rib-990
  log does not need rotating (log size is below the 'size' threshold)
considering log /var/log/agents/LacpTxAgent-953
  log does not need rotating (log size is below the 'size' threshold)
considering log /var/log/agents/Lag-966
  log does not need rotating (log size is below the 'size' threshold)
considering log /var/log/agents/Launcher-665
  log does not need rotating (log size is below the 'size' threshold)
considering log /var/log/agents/LdpAgent-2855
  log does not need rotating (log size is below the 'size' threshold)
considering log /var/log/agents/LedPolicy-962
  log does not need rotating (log size is below the 'size' threshold)
considering log /var/log/agents/Lldp-983
  log does not need rotating (log size is below the 'size' threshold)
considering log /var/log/agents/McastCommon-954
  log does not need rotating (log size is below the 'size' threshold)
considering log /var/log/agents/McastCommon6-980
  log does not need rotating (log size is below the 'size' threshold)
considering log /var/log/agents/Mpls-2861
  log does not need rotating (log size is below the 'size' threshold)
considering log /var/log/agents/MplsEtba-2859
  log does not need rotating (log size is below the 'size' threshold)
considering log /var/log/agents/MplsUtilLsp-2860
  log does not need rotating (log size is below the 'size' threshold)
considering log /var/log/agents/Msdp-2854
  log does not need rotating (log size is below the 'size' threshold)
considering log /var/log/agents/OpenConfig-10172
  log does not need rotating (log size is below the 'size' threshold)
considering log /var/log/agents/OpenConfig-10190
  log does not need rotating (log size is below the 'size' threshold)
considering log /var/log/agents/OpenConfig-10210
  log does not need rotating (log size is below the 'size' threshold)
considering log /var/log/agents/OpenConfig-10228
  log does not need rotating (log size is below the 'size' threshold)
considering log /var/log/agents/OpenConfig-10445
  log does not need rotating (log size is below the 'size' threshold)
considering log /var/log/agents/OpenConfig-10464
  log does not need rotating (log size is below the 'size' threshold)
considering log /var/log/agents/OpenConfig-10483
  log does not need rotating (log size is below the 'size' threshold)
considering log /var/log/agents/OpenConfig-10500
  log does not need rotating (log size is below the 'size' threshold)
considering log /var/log/agents/OpenConfig-2059
  log does not need rotating (log size is below the 'size' threshold)
considering log /var/log/agents/OpenConfig-2078
  log does not need rotating (log size is below the 'size' threshold)
considering log /var/log/agents/OpenConfig-2099
  log does not need rotating (log size is below the 'size' threshold)
considering log /var/log/agents/OpenConfig-2119
  log does not need rotating (log size is below the 'size' threshold)
considering log /var/log/agents/OpenConfig-2559
  log does not need rotating (log size is below the 'size' threshold)
considering log /var/log/agents/OpenConfig-2579
  log does not need rotating (log size is below the 'size' threshold)
considering log /var/log/agents/OpenConfig-2600
  log does not need rotating (log size is below the 'size' threshold)
considering log /var/log/agents/OpenConfig-2646
  log does not need rotating (log size is below the 'size' threshold)
considering log /var/log/agents/OpenConfig-3058
  log does not need rotating (log size is below the 'size' threshold)
considering log /var/log/agents/OpenConfig-3076
  log does not need rotating (log size is below the 'size' threshold)
considering log /var/log/agents/OpenConfig-3096
  log does not need rotating (log size is below the 'size' threshold)
considering log /var/log/agents/OpenConfig-3116
  log does not need rotating (log size is below the 'size' threshold)
considering log /var/log/agents/OpenConfig-3346
  log does not need rotating (log size is below the 'size' threshold)
considering log /var/log/agents/OpenConfig-3365
  log does not need rotating (log size is below the 'size' threshold)
considering log /var/log/agents/OpenConfig-3385
  log does not need rotating (log size is below the 'size' threshold)
considering log /var/log/agents/OpenConfig-3405
  log does not need rotating (log size is below the 'size' threshold)
considering log /var/log/agents/OpenConfig-3626
  log does not need rotating (log size is below the 'size' threshold)
considering log /var/log/agents/OpenConfig-3644
  log does not need rotating (log size is below the 'size' threshold)
considering log /var/log/agents/OpenConfig-3662
  log does not need rotating (log size is below the 'size' threshold)
considering log /var/log/agents/OpenConfig-3682
  log does not need rotating (log size is below the 'size' threshold)
considering log /var/log/agents/OpenConfig-3907
  log does not need rotating (log size is below the 'size' threshold)
considering log /var/log/agents/OpenConfig-3939
  log does not need rotating (log size is below the 'size' threshold)
considering log /var/log/agents/OpenConfig-3959
  log does not need rotating (log size is below the 'size' threshold)
considering log /var/log/agents/OpenConfig-3978
  log does not need rotating (log size is below the 'size' threshold)
considering log /var/log/agents/OpenConfig-4200
  log does not need rotating (log size is below the 'size' threshold)
considering log /var/log/agents/OpenConfig-4218
  log does not need rotating (log size is below the 'size' threshold)
considering log /var/log/agents/OpenConfig-4237
  log does not need rotating (log size is below the 'size' threshold)
considering log /var/log/agents/OpenConfig-4256
  log does not need rotating (log size is below the 'size' threshold)
considering log /var/log/agents/OpenConfig-4534
  log does not need rotating (log size is below the 'size' threshold)
considering log /var/log/agents/OpenConfig-4553
  log does not need rotating (log size is below the 'size' threshold)
considering log /var/log/agents/OpenConfig-4572
  log does not need rotating (log size is below the 'size' threshold)
considering log /var/log/agents/OpenConfig-4589
  log does not need rotating (log size is below the 'size' threshold)
considering log /var/log/agents/OpenConfig-4806
  log does not need rotating (log size is below the 'size' threshold)
considering log /var/log/agents/OpenConfig-4824
  log does not need rotating (log size is below the 'size' threshold)
considering log /var/log/agents/OpenConfig-4843
  log does not need rotating (log size is below the 'size' threshold)
considering log /var/log/agents/OpenConfig-4861
  log does not need rotating (log size is below the 'size' threshold)
considering log /var/log/agents/OpenConfig-5085
  log does not need rotating (log size is below the 'size' threshold)
considering log /var/log/agents/OpenConfig-5103
  log does not need rotating (log size is below the 'size' threshold)
considering log /var/log/agents/OpenConfig-5122
  log does not need rotating (log size is below the 'size' threshold)
considering log /var/log/agents/OpenConfig-5141
  log does not need rotating (log size is below the 'size' threshold)
considering log /var/log/agents/OpenConfig-5361
  log does not need rotating (log size is below the 'size' threshold)
considering log /var/log/agents/OpenConfig-5405
  log does not need rotating (log size is below the 'size' threshold)
considering log /var/log/agents/OpenConfig-5424
  log does not need rotating (log size is below the 'size' threshold)
considering log /var/log/agents/OpenConfig-5442
  log does not need rotating (log size is below the 'size' threshold)
considering log /var/log/agents/OpenConfig-5654
  log does not need rotating (log size is below the 'size' threshold)
considering log /var/log/agents/OpenConfig-5674
  log does not need rotating (log size is below the 'size' threshold)
considering log /var/log/agents/OpenConfig-5692
  log does not need rotating (log size is below the 'size' threshold)
considering log /var/log/agents/OpenConfig-5711
  log does not need rotating (log size is below the 'size' threshold)
considering log /var/log/agents/OpenConfig-5921
  log does not need rotating (log size is below the 'size' threshold)
considering log /var/log/agents/OpenConfig-5939
  log does not need rotating (log size is below the 'size' threshold)
considering log /var/log/agents/OpenConfig-5957
  log does not need rotating (log size is below the 'size' threshold)
considering log /var/log/agents/OpenConfig-5977
  log does not need rotating (log size is below the 'size' threshold)
considering log /var/log/agents/OpenConfig-6204
  log does not need rotating (log size is below the 'size' threshold)
considering log /var/log/agents/OpenConfig-6224
  log does not need rotating (log size is below the 'size' threshold)
considering log /var/log/agents/OpenConfig-6242
  log does not need rotating (log size is below the 'size' threshold)
considering log /var/log/agents/OpenConfig-6260
  log does not need rotating (log size is below the 'size' threshold)
considering log /var/log/agents/OpenConfig-6525
  log does not need rotating (log size is below the 'size' threshold)
considering log /var/log/agents/OpenConfig-6544
  log does not need rotating (log size is below the 'size' threshold)
considering log /var/log/agents/OpenConfig-6564
  log does not need rotating (log size is below the 'size' threshold)
considering log /var/log/agents/OpenConfig-6583
  log does not need rotating (log size is below the 'size' threshold)
considering log /var/log/agents/OpenConfig-6795
  log does not need rotating (log size is below the 'size' threshold)
considering log /var/log/agents/OpenConfig-6814
  log does not need rotating (log size is below the 'size' threshold)
considering log /var/log/agents/OpenConfig-6832
  log does not need rotating (log size is below the 'size' threshold)
considering log /var/log/agents/OpenConfig-6849
  log does not need rotating (log size is below the 'size' threshold)
considering log /var/log/agents/OpenConfig-7070
  log does not need rotating (log size is below the 'size' threshold)
considering log /var/log/agents/OpenConfig-7089
  log does not need rotating (log size is below the 'size' threshold)
considering log /var/log/agents/OpenConfig-7107
  log does not need rotating (log size is below the 'size' threshold)
considering log /var/log/agents/OpenConfig-7124
  log does not need rotating (log size is below the 'size' threshold)
considering log /var/log/agents/OpenConfig-7348
  log does not need rotating (log size is below the 'size' threshold)
considering log /var/log/agents/OpenConfig-7380
  log does not need rotating (log size is below the 'size' threshold)
considering log /var/log/agents/OpenConfig-7398
  log does not need rotating (log size is below the 'size' threshold)
considering log /var/log/agents/OpenConfig-7417
  log does not need rotating (log size is below the 'size' threshold)
considering log /var/log/agents/OpenConfig-7633
  log does not need rotating (log size is below the 'size' threshold)
considering log /var/log/agents/OpenConfig-7652
  log does not need rotating (log size is below the 'size' threshold)
considering log /var/log/agents/OpenConfig-7671
  log does not need rotating (log size is below the 'size' threshold)
considering log /var/log/agents/OpenConfig-7691
  log does not need rotating (log size is below the 'size' threshold)
considering log /var/log/agents/OpenConfig-7914
  log does not need rotating (log size is below the 'size' threshold)
considering log /var/log/agents/OpenConfig-7933
  log does not need rotating (log size is below the 'size' threshold)
considering log /var/log/agents/OpenConfig-7952
  log does not need rotating (log size is below the 'size' threshold)
considering log /var/log/agents/OpenConfig-7971
  log does not need rotating (log size is below the 'size' threshold)
considering log /var/log/agents/OpenConfig-8191
  log does not need rotating (log size is below the 'size' threshold)
considering log /var/log/agents/OpenConfig-8210
  log does not need rotating (log size is below the 'size' threshold)
considering log /var/log/agents/OpenConfig-8228
  log does not need rotating (log size is below the 'size' threshold)
considering log /var/log/agents/OpenConfig-8246
  log does not need rotating (log size is below the 'size' threshold)
considering log /var/log/agents/OpenConfig-8466
  log does not need rotating (log size is below the 'size' threshold)
considering log /var/log/agents/OpenConfig-8485
  log does not need rotating (log size is below the 'size' threshold)
considering log /var/log/agents/OpenConfig-8503
  log does not need rotating (log size is below the 'size' threshold)
considering log /var/log/agents/OpenConfig-8522
  log does not need rotating (log size is below the 'size' threshold)
considering log /var/log/agents/OpenConfig-8776
  log does not need rotating (log size is below the 'size' threshold)
considering log /var/log/agents/OpenConfig-8795
  log does not need rotating (log size is below the 'size' threshold)
considering log /var/log/agents/OpenConfig-8823
  log does not need rotating (log size is below the 'size' threshold)
considering log /var/log/agents/OpenConfig-8859
  log does not need rotating (log size is below the 'size' threshold)
considering log /var/log/agents/OpenConfig-9070
  log does not need rotating (log size is below the 'size' threshold)
considering log /var/log/agents/OpenConfig-9089
  log does not need rotating (log size is below the 'size' threshold)
considering log /var/log/agents/OpenConfig-9109
  log does not need rotating (log size is below the 'size' threshold)
considering log /var/log/agents/OpenConfig-9126
  log does not need rotating (log size is below the 'size' threshold)
considering log /var/log/agents/OpenConfig-9338
  log does not need rotating (log size is below the 'size' threshold)
considering log /var/log/agents/OpenConfig-9357
  log does not need rotating (log size is below the 'size' threshold)
considering log /var/log/agents/OpenConfig-9375
  log does not need rotating (log size is below the 'size' threshold)
considering log /var/log/agents/OpenConfig-9394
  log does not need rotating (log size is below the 'size' threshold)
considering log /var/log/agents/OpenConfig-957
  log does not need rotating (log size is below the 'size' threshold)
considering log /var/log/agents/OpenConfig-9615
  log does not need rotating (log size is below the 'size' threshold)
considering log /var/log/agents/OpenConfig-9633
  log does not need rotating (log size is below the 'size' threshold)
considering log /var/log/agents/OpenConfig-9652
  log does not need rotating (log size is below the 'size' threshold)
considering log /var/log/agents/OpenConfig-9672
  log does not need rotating (log size is below the 'size' threshold)
considering log /var/log/agents/OpenConfig-9895
  log does not need rotating (log size is below the 'size' threshold)
considering log /var/log/agents/OpenConfig-9913
  log does not need rotating (log size is below the 'size' threshold)
considering log /var/log/agents/OpenConfig-9932
  log does not need rotating (log size is below the 'size' threshold)
considering log /var/log/agents/OpenConfig-9952
  log does not need rotating (log size is below the 'size' threshold)
considering log /var/log/agents/Ospf-2376
  log does not need rotating (log size is below the 'size' threshold)
considering log /var/log/agents/PhyEthtool-968
  log does not need rotating (log size is below the 'size' threshold)
considering log /var/log/agents/Pim-2857
  log does not need rotating (log size is below the 'size' threshold)
considering log /var/log/agents/PimBidir-2866
  log does not need rotating (log size is below the 'size' threshold)
considering log /var/log/agents/PimBidirDf-2856
  log does not need rotating (log size is below the 'size' threshold)
considering log /var/log/agents/PimBsr-2863
  log does not need rotating (log size is below the 'size' threshold)
considering log /var/log/agents/PimReg-10045
  log does not need rotating (log size is below the 'size' threshold)
considering log /var/log/agents/PimReg-10047
  log does not need rotating (log size is below the 'size' threshold)
considering log /var/log/agents/PimReg-10048
  log does not need rotating (log size is below the 'size' threshold)
considering log /var/log/agents/PimReg-10051
  log does not need rotating (log size is below the 'size' threshold)
considering log /var/log/agents/PimReg-10321
  log does not need rotating (log size is below the 'size' threshold)
considering log /var/log/agents/PimReg-10323
  log does not need rotating (log size is below the 'size' threshold)
considering log /var/log/agents/PimReg-10325
  log does not need rotating (log size is below the 'size' threshold)
considering log /var/log/agents/PimReg-10328
  log does not need rotating (log size is below the 'size' threshold)
considering log /var/log/agents/PimReg-10601
  log does not need rotating (log size is below the 'size' threshold)
considering log /var/log/agents/PimReg-10603
  log does not need rotating (log size is below the 'size' threshold)
considering log /var/log/agents/PimReg-10605
  log does not need rotating (log size is below the 'size' threshold)
considering log /var/log/agents/PimReg-10608
  log does not need rotating (log size is below the 'size' threshold)
considering log /var/log/agents/PimReg-2865
  log does not need rotating (log size is below the 'size' threshold)
considering log /var/log/agents/PimReg-2872
  log does not need rotating (log size is below the 'size' threshold)
considering log /var/log/agents/PimReg-2875
  log does not need rotating (log size is below the 'size' threshold)
considering log /var/log/agents/PimReg-2878
  log does not need rotating (log size is below the 'size' threshold)
considering log /var/log/agents/PimReg-3235
  log does not need rotating (log size is below the 'size' threshold)
considering log /var/log/agents/PimReg-3238
  log does not need rotating (log size is below the 'size' threshold)
considering log /var/log/agents/PimReg-3242
  log does not need rotating (log size is below the 'size' threshold)
considering log /var/log/agents/PimReg-3244
  log does not need rotating (log size is below the 'size' threshold)
considering log /var/log/agents/PimReg-3512
  log does not need rotating (log size is below the 'size' threshold)
considering log /var/log/agents/PimReg-3514
  log does not need rotating (log size is below the 'size' threshold)
considering log /var/log/agents/PimReg-3517
  log does not need rotating (log size is below the 'size' threshold)
considering log /var/log/agents/PimReg-3520
  log does not need rotating (log size is below the 'size' threshold)
considering log /var/log/agents/PimReg-3793
  log does not need rotating (log size is below the 'size' threshold)
considering log /var/log/agents/PimReg-3796
  log does not need rotating (log size is below the 'size' threshold)
considering log /var/log/agents/PimReg-3798
  log does not need rotating (log size is below the 'size' threshold)
considering log /var/log/agents/PimReg-3801
  log does not need rotating (log size is below the 'size' threshold)
considering log /var/log/agents/PimReg-4068
  log does not need rotating (log size is below the 'size' threshold)
considering log /var/log/agents/PimReg-4071
  log does not need rotating (log size is below the 'size' threshold)
considering log /var/log/agents/PimReg-4073
  log does not need rotating (log size is below the 'size' threshold)
considering log /var/log/agents/PimReg-4076
  log does not need rotating (log size is below the 'size' threshold)
considering log /var/log/agents/PimReg-4353
  log does not need rotating (log size is below the 'size' threshold)
considering log /var/log/agents/PimReg-4355
  log does not need rotating (log size is below the 'size' threshold)
considering log /var/log/agents/PimReg-4357
  log does not need rotating (log size is below the 'size' threshold)
considering log /var/log/agents/PimReg-4360
  log does not need rotating (log size is below the 'size' threshold)
considering log /var/log/agents/PimReg-4679
  log does not need rotating (log size is below the 'size' threshold)
considering log /var/log/agents/PimReg-4681
  log does not need rotating (log size is below the 'size' threshold)
considering log /var/log/agents/PimReg-4683
  log does not need rotating (log size is below the 'size' threshold)
considering log /var/log/agents/PimReg-4685
  log does not need rotating (log size is below the 'size' threshold)
considering log /var/log/agents/PimReg-4960
  log does not need rotating (log size is below the 'size' threshold)
considering log /var/log/agents/PimReg-4961
  log does not need rotating (log size is below the 'size' threshold)
considering log /var/log/agents/PimReg-4963
  log does not need rotating (log size is below the 'size' threshold)
considering log /var/log/agents/PimReg-4966
  log does not need rotating (log size is below the 'size' threshold)
considering log /var/log/agents/PimReg-5236
  log does not need rotating (log size is below the 'size' threshold)
considering log /var/log/agents/PimReg-5238
  log does not need rotating (log size is below the 'size' threshold)
considering log /var/log/agents/PimReg-5241
  log does not need rotating (log size is below the 'size' threshold)
considering log /var/log/agents/PimReg-5243
  log does not need rotating (log size is below the 'size' threshold)
considering log /var/log/agents/PimReg-5511
  log does not need rotating (log size is below the 'size' threshold)
considering log /var/log/agents/PimReg-5513
  log does not need rotating (log size is below the 'size' threshold)
considering log /var/log/agents/PimReg-5515
  log does not need rotating (log size is below the 'size' threshold)
considering log /var/log/agents/PimReg-5518
  log does not need rotating (log size is below the 'size' threshold)
considering log /var/log/agents/PimReg-5779
  log does not need rotating (log size is below the 'size' threshold)
considering log /var/log/agents/PimReg-5784
  log does not need rotating (log size is below the 'size' threshold)
considering log /var/log/agents/PimReg-5786
  log does not need rotating (log size is below the 'size' threshold)
considering log /var/log/agents/PimReg-5789
  log does not need rotating (log size is below the 'size' threshold)
considering log /var/log/agents/PimReg-6044
  log does not need rotating (log size is below the 'size' threshold)
considering log /var/log/agents/PimReg-6046
  log does not need rotating (log size is below the 'size' threshold)
considering log /var/log/agents/PimReg-6048
  log does not need rotating (log size is below the 'size' threshold)
considering log /var/log/agents/PimReg-6050
  log does not need rotating (log size is below the 'size' threshold)
considering log /var/log/agents/PimReg-6355
  log does not need rotating (log size is below the 'size' threshold)
considering log /var/log/agents/PimReg-6356
  log does not need rotating (log size is below the 'size' threshold)
considering log /var/log/agents/PimReg-6358
  log does not need rotating (log size is below the 'size' threshold)
considering log /var/log/agents/PimReg-6361
  log does not need rotating (log size is below the 'size' threshold)
considering log /var/log/agents/PimReg-6672
  log does not need rotating (log size is below the 'size' threshold)
considering log /var/log/agents/PimReg-6674
  log does not need rotating (log size is below the 'size' threshold)
considering log /var/log/agents/PimReg-6676
  log does not need rotating (log size is below the 'size' threshold)
considering log /var/log/agents/PimReg-6679
  log does not need rotating (log size is below the 'size' threshold)
considering log /var/log/agents/PimReg-6947
  log does not need rotating (log size is below the 'size' threshold)
considering log /var/log/agents/PimReg-6950
  log does not need rotating (log size is below the 'size' threshold)
considering log /var/log/agents/PimReg-6952
  log does not need rotating (log size is below the 'size' threshold)
considering log /var/log/agents/PimReg-6955
  log does not need rotating (log size is below the 'size' threshold)
considering log /var/log/agents/PimReg-7223
  log does not need rotating (log size is below the 'size' threshold)
considering log /var/log/agents/PimReg-7225
  log does not need rotating (log size is below the 'size' threshold)
considering log /var/log/agents/PimReg-7227
  log does not need rotating (log size is below the 'size' threshold)
considering log /var/log/agents/PimReg-7230
  log does not need rotating (log size is below the 'size' threshold)
considering log /var/log/agents/PimReg-7499
  log does not need rotating (log size is below the 'size' threshold)
considering log /var/log/agents/PimReg-7501
  log does not need rotating (log size is below the 'size' threshold)
considering log /var/log/agents/PimReg-7503
  log does not need rotating (log size is below the 'size' threshold)
considering log /var/log/agents/PimReg-7505
  log does not need rotating (log size is below the 'size' threshold)
considering log /var/log/agents/PimReg-7777
  log does not need rotating (log size is below the 'size' threshold)
considering log /var/log/agents/PimReg-7779
  log does not need rotating (log size is below the 'size' threshold)
considering log /var/log/agents/PimReg-7780
  log does not need rotating (log size is below the 'size' threshold)
considering log /var/log/agents/PimReg-7783
  log does not need rotating (log size is below the 'size' threshold)
considering log /var/log/agents/PimReg-8053
  log does not need rotating (log size is below the 'size' threshold)
considering log /var/log/agents/PimReg-8054
  log does not need rotating (log size is below the 'size' threshold)
considering log /var/log/agents/PimReg-8056
  log does not need rotating (log size is below the 'size' threshold)
considering log /var/log/agents/PimReg-8059
  log does not need rotating (log size is below the 'size' threshold)
considering log /var/log/agents/PimReg-8327
  log does not need rotating (log size is below the 'size' threshold)
considering log /var/log/agents/PimReg-8342
  log does not need rotating (log size is below the 'size' threshold)
considering log /var/log/agents/PimReg-8344
  log does not need rotating (log size is below the 'size' threshold)
considering log /var/log/agents/PimReg-8347
  log does not need rotating (log size is below the 'size' threshold)
considering log /var/log/agents/PimReg-8653
  log does not need rotating (log size is below the 'size' threshold)
considering log /var/log/agents/PimReg-8655
  log does not need rotating (log size is below the 'size' threshold)
considering log /var/log/agents/PimReg-8657
  log does not need rotating (log size is below the 'size' threshold)
considering log /var/log/agents/PimReg-8660
  log does not need rotating (log size is below the 'size' threshold)
considering log /var/log/agents/PimReg-8928
  log does not need rotating (log size is below the 'size' threshold)
considering log /var/log/agents/PimReg-8930
  log does not need rotating (log size is below the 'size' threshold)
considering log /var/log/agents/PimReg-8932
  log does not need rotating (log size is below the 'size' threshold)
considering log /var/log/agents/PimReg-8935
  log does not need rotating (log size is below the 'size' threshold)
considering log /var/log/agents/PimReg-9194
  log does not need rotating (log size is below the 'size' threshold)
considering log /var/log/agents/PimReg-9196
  log does not need rotating (log size is below the 'size' threshold)
considering log /var/log/agents/PimReg-9201
  log does not need rotating (log size is below the 'size' threshold)
considering log /var/log/agents/PimReg-9204
  log does not need rotating (log size is below the 'size' threshold)
considering log /var/log/agents/PimReg-9462
  log does not need rotating (log size is below the 'size' threshold)
considering log /var/log/agents/PimReg-9464
  log does not need rotating (log size is below the 'size' threshold)
considering log /var/log/agents/PimReg-9465
  log does not need rotating (log size is below the 'size' threshold)
considering log /var/log/agents/PimReg-9468
  log does not need rotating (log size is below the 'size' threshold)
considering log /var/log/agents/PimReg-9751
  log does not need rotating (log size is below the 'size' threshold)
considering log /var/log/agents/PimReg-9770
  log does not need rotating (log size is below the 'size' threshold)
considering log /var/log/agents/PimReg-9772
  log does not need rotating (log size is below the 'size' threshold)
considering log /var/log/agents/PimReg-9775
  log does not need rotating (log size is below the 'size' threshold)
considering log /var/log/agents/Pimsm-10049
  log does not need rotating (log size is below the 'size' threshold)
considering log /var/log/agents/Pimsm-10052
  log does not need rotating (log size is below the 'size' threshold)
considering log /var/log/agents/Pimsm-10054
  log does not need rotating (log size is below the 'size' threshold)
considering log /var/log/agents/Pimsm-10056
  log does not need rotating (log size is below the 'size' threshold)
considering log /var/log/agents/Pimsm-10326
  log does not need rotating (log size is below the 'size' threshold)
considering log /var/log/agents/Pimsm-10329
  log does not need rotating (log size is below the 'size' threshold)
considering log /var/log/agents/Pimsm-10331
  log does not need rotating (log size is below the 'size' threshold)
considering log /var/log/agents/Pimsm-10333
  log does not need rotating (log size is below the 'size' threshold)
considering log /var/log/agents/Pimsm-10606
  log does not need rotating (log size is below the 'size' threshold)
considering log /var/log/agents/Pimsm-10609
  log does not need rotating (log size is below the 'size' threshold)
considering log /var/log/agents/Pimsm-10611
  log does not need rotating (log size is below the 'size' threshold)
considering log /var/log/agents/Pimsm-10612
  log does not need rotating (log size is below the 'size' threshold)
considering log /var/log/agents/Pimsm-2864
  log does not need rotating (log size is below the 'size' threshold)
considering log /var/log/agents/Pimsm-2871
  log does not need rotating (log size is below the 'size' threshold)
considering log /var/log/agents/Pimsm-2874
  log does not need rotating (log size is below the 'size' threshold)
considering log /var/log/agents/Pimsm-2877
  log does not need rotating (log size is below the 'size' threshold)
considering log /var/log/agents/Pimsm-3234
  log does not need rotating (log size is below the 'size' threshold)
considering log /var/log/agents/Pimsm-3237
  log does not need rotating (log size is below the 'size' threshold)
considering log /var/log/agents/Pimsm-3241
  log does not need rotating (log size is below the 'size' threshold)
considering log /var/log/agents/Pimsm-3243
  log does not need rotating (log size is below the 'size' threshold)
considering log /var/log/agents/Pimsm-3511
  log does not need rotating (log size is below the 'size' threshold)
considering log /var/log/agents/Pimsm-3513
  log does not need rotating (log size is below the 'size' threshold)
considering log /var/log/agents/Pimsm-3516
  log does not need rotating (log size is below the 'size' threshold)
considering log /var/log/agents/Pimsm-3519
  log does not need rotating (log size is below the 'size' threshold)
considering log /var/log/agents/Pimsm-3792
  log does not need rotating (log size is below the 'size' threshold)
considering log /var/log/agents/Pimsm-3795
  log does not need rotating (log size is below the 'size' threshold)
considering log /var/log/agents/Pimsm-3797
  log does not need rotating (log size is below the 'size' threshold)
considering log /var/log/agents/Pimsm-3800
  log does not need rotating (log size is below the 'size' threshold)
considering log /var/log/agents/Pimsm-4067
  log does not need rotating (log size is below the 'size' threshold)
considering log /var/log/agents/Pimsm-4070
  log does not need rotating (log size is below the 'size' threshold)
considering log /var/log/agents/Pimsm-4075
  log does not need rotating (log size is below the 'size' threshold)
considering log /var/log/agents/Pimsm-4091
  log does not need rotating (log size is below the 'size' threshold)
considering log /var/log/agents/Pimsm-4358
  log does not need rotating (log size is below the 'size' threshold)
considering log /var/log/agents/Pimsm-4361
  log does not need rotating (log size is below the 'size' threshold)
considering log /var/log/agents/Pimsm-4362
  log does not need rotating (log size is below the 'size' threshold)
considering log /var/log/agents/Pimsm-4364
  log does not need rotating (log size is below the 'size' threshold)
considering log /var/log/agents/Pimsm-4684
  log does not need rotating (log size is below the 'size' threshold)
considering log /var/log/agents/Pimsm-4686
  log does not need rotating (log size is below the 'size' threshold)
considering log /var/log/agents/Pimsm-4688
  log does not need rotating (log size is below the 'size' threshold)
considering log /var/log/agents/Pimsm-4690
  log does not need rotating (log size is below the 'size' threshold)
considering log /var/log/agents/Pimsm-4964
  log does not need rotating (log size is below the 'size' threshold)
considering log /var/log/agents/Pimsm-4967
  log does not need rotating (log size is below the 'size' threshold)
considering log /var/log/agents/Pimsm-4969
  log does not need rotating (log size is below the 'size' threshold)
considering log /var/log/agents/Pimsm-4971
  log does not need rotating (log size is below the 'size' threshold)
considering log /var/log/agents/Pimsm-5242
  log does not need rotating (log size is below the 'size' threshold)
considering log /var/log/agents/Pimsm-5244
  log does not need rotating (log size is below the 'size' threshold)
considering log /var/log/agents/Pimsm-5246
  log does not need rotating (log size is below the 'size' threshold)
considering log /var/log/agents/Pimsm-5248
  log does not need rotating (log size is below the 'size' threshold)
considering log /var/log/agents/Pimsm-5516
  log does not need rotating (log size is below the 'size' threshold)
considering log /var/log/agents/Pimsm-5519
  log does not need rotating (log size is below the 'size' threshold)
considering log /var/log/agents/Pimsm-5521
  log does not need rotating (log size is below the 'size' threshold)
considering log /var/log/agents/Pimsm-5522
  log does not need rotating (log size is below the 'size' threshold)
considering log /var/log/agents/Pimsm-5787
  log does not need rotating (log size is below the 'size' threshold)
considering log /var/log/agents/Pimsm-5790
  log does not need rotating (log size is below the 'size' threshold)
considering log /var/log/agents/Pimsm-5791
  log does not need rotating (log size is below the 'size' threshold)
considering log /var/log/agents/Pimsm-5793
  log does not need rotating (log size is below the 'size' threshold)
considering log /var/log/agents/Pimsm-6049
  log does not need rotating (log size is below the 'size' threshold)
considering log /var/log/agents/Pimsm-6051
  log does not need rotating (log size is below the 'size' threshold)
considering log /var/log/agents/Pimsm-6096
  log does not need rotating (log size is below the 'size' threshold)
considering log /var/log/agents/Pimsm-6098
  log does not need rotating (log size is below the 'size' threshold)
considering log /var/log/agents/Pimsm-6359
  log does not need rotating (log size is below the 'size' threshold)
considering log /var/log/agents/Pimsm-6362
  log does not need rotating (log size is below the 'size' threshold)
considering log /var/log/agents/Pimsm-6364
  log does not need rotating (log size is below the 'size' threshold)
considering log /var/log/agents/Pimsm-6366
  log does not need rotating (log size is below the 'size' threshold)
considering log /var/log/agents/Pimsm-6677
  log does not need rotating (log size is below the 'size' threshold)
considering log /var/log/agents/Pimsm-6680
  log does not need rotating (log size is below the 'size' threshold)
considering log /var/log/agents/Pimsm-6682
  log does not need rotating (log size is below the 'size' threshold)
considering log /var/log/agents/Pimsm-6683
  log does not need rotating (log size is below the 'size' threshold)
considering log /var/log/agents/Pimsm-6953
  log does not need rotating (log size is below the 'size' threshold)
considering log /var/log/agents/Pimsm-6956
  log does not need rotating (log size is below the 'size' threshold)
considering log /var/log/agents/Pimsm-6957
  log does not need rotating (log size is below the 'size' threshold)
considering log /var/log/agents/Pimsm-6959
  log does not need rotating (log size is below the 'size' threshold)
considering log /var/log/agents/Pimsm-7228
  log does not need rotating (log size is below the 'size' threshold)
considering log /var/log/agents/Pimsm-7231
  log does not need rotating (log size is below the 'size' threshold)
considering log /var/log/agents/Pimsm-7232
  log does not need rotating (log size is below the 'size' threshold)
considering log /var/log/agents/Pimsm-7234
  log does not need rotating (log size is below the 'size' threshold)
considering log /var/log/agents/Pimsm-7504
  log does not need rotating (log size is below the 'size' threshold)
considering log /var/log/agents/Pimsm-7506
  log does not need rotating (log size is below the 'size' threshold)
considering log /var/log/agents/Pimsm-7508
  log does not need rotating (log size is below the 'size' threshold)
considering log /var/log/agents/Pimsm-7510
  log does not need rotating (log size is below the 'size' threshold)
considering log /var/log/agents/Pimsm-7781
  log does not need rotating (log size is below the 'size' threshold)
considering log /var/log/agents/Pimsm-7784
  log does not need rotating (log size is below the 'size' threshold)
considering log /var/log/agents/Pimsm-7786
  log does not need rotating (log size is below the 'size' threshold)
considering log /var/log/agents/Pimsm-7788
  log does not need rotating (log size is below the 'size' threshold)
considering log /var/log/agents/Pimsm-8057
  log does not need rotating (log size is below the 'size' threshold)
considering log /var/log/agents/Pimsm-8060
  log does not need rotating (log size is below the 'size' threshold)
considering log /var/log/agents/Pimsm-8062
  log does not need rotating (log size is below the 'size' threshold)
considering log /var/log/agents/Pimsm-8077
  log does not need rotating (log size is below the 'size' threshold)
considering log /var/log/agents/Pimsm-8345
  log does not need rotating (log size is below the 'size' threshold)
considering log /var/log/agents/Pimsm-8348
  log does not need rotating (log size is below the 'size' threshold)
considering log /var/log/agents/Pimsm-8350
  log does not need rotating (log size is below the 'size' threshold)
considering log /var/log/agents/Pimsm-8351
  log does not need rotating (log size is below the 'size' threshold)
considering log /var/log/agents/Pimsm-8658
  log does not need rotating (log size is below the 'size' threshold)
considering log /var/log/agents/Pimsm-8661
  log does not need rotating (log size is below the 'size' threshold)
considering log /var/log/agents/Pimsm-8664
  log does not need rotating (log size is below the 'size' threshold)
considering log /var/log/agents/Pimsm-8665
  log does not need rotating (log size is below the 'size' threshold)
considering log /var/log/agents/Pimsm-8933
  log does not need rotating (log size is below the 'size' threshold)
considering log /var/log/agents/Pimsm-8936
  log does not need rotating (log size is below the 'size' threshold)
considering log /var/log/agents/Pimsm-8938
  log does not need rotating (log size is below the 'size' threshold)
considering log /var/log/agents/Pimsm-8939
  log does not need rotating (log size is below the 'size' threshold)
considering log /var/log/agents/Pimsm-9202
  log does not need rotating (log size is below the 'size' threshold)
considering log /var/log/agents/Pimsm-9205
  log does not need rotating (log size is below the 'size' threshold)
considering log /var/log/agents/Pimsm-9207
  log does not need rotating (log size is below the 'size' threshold)
considering log /var/log/agents/Pimsm-9208
  log does not need rotating (log size is below the 'size' threshold)
considering log /var/log/agents/Pimsm-9466
  log does not need rotating (log size is below the 'size' threshold)
considering log /var/log/agents/Pimsm-9469
  log does not need rotating (log size is below the 'size' threshold)
considering log /var/log/agents/Pimsm-9471
  log does not need rotating (log size is below the 'size' threshold)
considering log /var/log/agents/Pimsm-9473
  log does not need rotating (log size is below the 'size' threshold)
considering log /var/log/agents/Pimsm-9773
  log does not need rotating (log size is below the 'size' threshold)
considering log /var/log/agents/Pimsm-9776
  log does not need rotating (log size is below the 'size' threshold)
considering log /var/log/agents/Pimsm-9778
  log does not need rotating (log size is below the 'size' threshold)
considering log /var/log/agents/Pimsm-9780
  log does not need rotating (log size is below the 'size' threshold)
considering log /var/log/agents/PortSec-955
  log does not need rotating (log size is below the 'size' threshold)
considering log /var/log/agents/PowerFuse-993
  log does not need rotating (log size is below the 'size' threshold)
considering log /var/log/agents/ProcMgr-master-569
  log does not need rotating (log size is below the 'size' threshold)
considering log /var/log/agents/ProcMgr-worker-573
  log does not need rotating (log size is below the 'size' threshold)
considering log /var/log/agents/Qos-988
  log does not need rotating (log size is below the 'size' threshold)
considering log /var/log/agents/ReloadCauseAgent-995
  log does not need rotating (log size is below the 'size' threshold)
considering log /var/log/agents/RouteInput-1140
  log does not need rotating (log size is below the 'size' threshold)
considering log /var/log/agents/SharedSecretProfile-996
  log does not need rotating (log size is below the 'size' threshold)
considering log /var/log/agents/SlabMonitor-664
  log does not need rotating (log size is below the 'size' threshold)
considering log /var/log/agents/StageMgr-661
  log does not need rotating (log size is below the 'size' threshold)
considering log /var/log/agents/StandbyCpld-965
  log does not need rotating (log size is below the 'size' threshold)
considering log /var/log/agents/StaticRoute-1133
  log does not need rotating (log size is below the 'size' threshold)
considering log /var/log/agents/Stp-978
  log does not need rotating (log size is below the 'size' threshold)
considering log /var/log/agents/StpTopology-974
  log does not need rotating (log size is below the 'size' threshold)
considering log /var/log/agents/StpTxRx-964
  log does not need rotating (log size is below the 'size' threshold)
considering log /var/log/agents/SuperServer-959
  log does not need rotating (log size is below the 'size' threshold)
considering log /var/log/agents/Sysdb-660
  log needs rotating
considering log /var/log/agents/Thermostat-989
  log does not need rotating (log size is below the 'size' threshold)
considering log /var/log/agents/TopoAgent-960
  log does not need rotating (log size is below the 'size' threshold)
considering log /var/log/agents/Tunnel-975
  log does not need rotating (log size is below the 'size' threshold)
considering log /var/log/agents/rbfdu-992
  log does not need rotating (log size is below the 'size' threshold)
rotating log /var/log/agents/Sysdb-660, log->rotateCount is 4
Converted ' .%Y-%m-%d_%s' -> '.%Y-%m-%d_%s'
dateext suffix '.2022-02-13_1644757261'
glob pattern '.[0-9][0-9][0-9][0-9]-[0-9][0-9]-[0-9][0-9]_[0-9][0-9][0-9][0-9][0-9][0-9][0-9][0-9][0-9][0-9]'
renaming /var/log/agents/Sysdb-660.4 to /var/log/agents/Sysdb-660.5 (rotatecount 4, logstart 1, i 4), 
old log /var/log/agents/Sysdb-660.4 does not exist
renaming /var/log/agents/Sysdb-660.3 to /var/log/agents/Sysdb-660.4 (rotatecount 4, logstart 1, i 3), 
old log /var/log/agents/Sysdb-660.3 does not exist
renaming /var/log/agents/Sysdb-660.2 to /var/log/agents/Sysdb-660.3 (rotatecount 4, logstart 1, i 2), 
old log /var/log/agents/Sysdb-660.2 does not exist
renaming /var/log/agents/Sysdb-660.1 to /var/log/agents/Sysdb-660.2 (rotatecount 4, logstart 1, i 1), 
old log /var/log/agents/Sysdb-660.1 does not exist
renaming /var/log/agents/Sysdb-660.0 to /var/log/agents/Sysdb-660.1 (rotatecount 4, logstart 1, i 0), 
old log /var/log/agents/Sysdb-660.0 does not exist
log /var/log/agents/Sysdb-660.5 doesn't exist -- won't try to dispose of it
running prerotate script
renaming /var/log/agents/Sysdb-660 to /var/log/agents/Sysdb-660.1
running postrotate script

rotating pattern: "/var/log/ribd_dump*.*[^.'gz']?"  10240 bytes (4 rotations)
empty log files are not rotated, old logs are removed
considering log /var/log/ribd_dump*.*[^.'gz']?
  log /var/log/ribd_dump*.*[^.'gz']? does not exist -- skipping
not running postrotate script, since no logs were rotated

rotating pattern: /var/log/charon.log  3145728 bytes (4 rotations)
empty log files are not rotated, old logs are removed
considering log /var/log/charon.log
  log does not need rotating (log size is below the 'size' threshold)

rotating pattern: /var/log/watchdogd.log  512000 bytes (4 rotations)
empty log files are not rotated, old logs are removed
considering log /var/log/watchdogd.log
  log does not need rotating (log size is below the 'size' threshold)

rotating pattern: /var/log/cron  after 1 days (3 rotations)
empty log files are not rotated, old logs are removed
considering log /var/log/cron
  log does not need rotating (log has been rotated at 2022-2-13 12:0, that is not day ago yet)
